This file contains any messages produced by compilers while
running configure, to aid debugging if configure makes a mistake.

It was created by configure, which was
generated by GNU Autoconf 2.57.  Invocation command line was

  $ ./configure 

## --------- ##
## Platform. ##
## --------- ##

hostname = localhost.localdomain
uname -m = i686
uname -r = 2.6.18-194.el5
uname -s = Linux
uname -v = #1 SMP Fri Apr 2 14:58:35 EDT 2010

/usr/bin/uname -p = unknown
/bin/uname -X     = unknown

/bin/arch              = i686
/usr/bin/arch -k       = unknown
/usr/convex/getsysinfo = unknown
hostinfo               = unknown
/bin/machine           = unknown
/usr/bin/oslevel       = unknown
/bin/universe          = unknown

PATH: /usr/kerberos/sbin
PATH: /usr/kerberos/bin
PATH: /usr/local/sbin
PATH: /usr/local/bin
PATH: /sbin
PATH: /bin
PATH: /usr/sbin
PATH: /usr/bin
PATH: /usr/local/protobuf/bin/
PATH: /root/bin


## ----------- ##
## Core tests. ##
## ----------- ##

configure:1253: checking build system type
configure:1271: result: i686-pc-linux-gnu
configure:1279: checking host system type
configure:1293: result: i686-pc-linux-gnu
configure:1362: checking for gcc
configure:1378: found /usr/bin/gcc
configure:1388: result: gcc
configure:1632: checking for C compiler version
configure:1635: gcc --version </dev/null >&5
gcc (GCC) 4.1.2 20080704 (Red Hat 4.1.2-48)
Copyright (C) 2006 Free Software Foundation, Inc.
This is free software; see the source for copying conditions.  There is NO
warranty; not even for MERCHANTABILITY or FITNESS FOR A PARTICULAR PURPOSE.

configure:1638: $? = 0
configure:1640: gcc -v </dev/null >&5
Using built-in specs.
Target: i386-redhat-linux
Configured with: ../configure --prefix=/usr --mandir=/usr/share/man --infodir=/usr/share/info --enable-shared --enable-threads=posix --enable-checking=release --with-system-zlib --enable-__cxa_atexit --disable-libunwind-exceptions --enable-libgcj-multifile --enable-languages=c,c++,objc,obj-c++,java,fortran,ada --enable-java-awt=gtk --disable-dssi --enable-plugin --with-java-home=/usr/lib/jvm/java-1.4.2-gcj-1.4.2.0/jre --with-cpu=generic --host=i386-redhat-linux
Thread model: posix
gcc version 4.1.2 20080704 (Red Hat 4.1.2-48)
configure:1643: $? = 0
configure:1645: gcc -V </dev/null >&5
gcc: '-V' option must have argument
configure:1648: $? = 1
configure:1672: checking for C compiler default output
configure:1675: gcc    conftest.c  >&5
configure:1678: $? = 0
configure:1724: result: a.out
configure:1729: checking whether the C compiler works
configure:1735: ./a.out
configure:1738: $? = 0
configure:1755: result: yes
configure:1762: checking whether we are cross compiling
configure:1764: result: no
configure:1767: checking for suffix of executables
configure:1769: gcc -o conftest    conftest.c  >&5
configure:1772: $? = 0
configure:1797: result: 
configure:1803: checking for suffix of object files
configure:1825: gcc -c   conftest.c >&5
configure:1828: $? = 0
configure:1850: result: o
configure:1854: checking whether we are using the GNU C compiler
configure:1879: gcc -c   conftest.c >&5
configure:1882: $? = 0
configure:1885: test -s conftest.o
configure:1888: $? = 0
configure:1901: result: yes
configure:1907: checking whether gcc accepts -g
configure:1929: gcc -c -g  conftest.c >&5
configure:1932: $? = 0
configure:1935: test -s conftest.o
configure:1938: $? = 0
configure:1949: result: yes
configure:1966: checking for gcc option to accept ANSI C
configure:2027: gcc  -c -g -O2  conftest.c >&5
configure:2030: $? = 0
configure:2033: test -s conftest.o
configure:2036: $? = 0
configure:2054: result: none needed
configure:2072: gcc -c -g -O2  conftest.c >&5
conftest.c:2: error: expected '=', ',', ';', 'asm' or '__attribute__' before 'me'
configure:2075: $? = 1
configure: failed program was:
| #ifndef __cplusplus
|   choke me
| #endif
configure:2225: checking for ranlib
configure:2241: found /usr/bin/ranlib
configure:2252: result: ranlib
configure:2265: checking for event_new in -levent
configure:2296: gcc -o conftest -g -O2   conftest.c -levent   >&5
configure:2299: $? = 0
configure:2302: test -s conftest
configure:2305: $? = 0
configure:2317: result: yes
configure:2402: checking for pthread_create in -lpthread
configure:2433: gcc -o conftest -g -O2 -D_REENTRANT   conftest.c -lpthread  -levent  >&5
configure:2436: $? = 0
configure:2439: test -s conftest
configure:2442: $? = 0
configure:2454: result: yes
configure:2538: checking for t_open in -lnsl
configure:2569: gcc -o conftest -g -O2 -D_REENTRANT -D_REENTRANT   conftest.c -lnsl  -lpthread -levent  >&5
/tmp/ccsA0VL8.o: In function `main':
/mnt/hgfs/centos_share/Me/Server/configure:2567: undefined reference to `t_open'
collect2: ld returned 1 exit status
configure:2572: $? = 1
configure: failed program was:
| #line 2545 "configure"
| /* confdefs.h.  */
| 
| #define PACKAGE_NAME ""
| #define PACKAGE_TARNAME ""
| #define PACKAGE_VERSION ""
| #define PACKAGE_STRING ""
| #define PACKAGE_BUGREPORT ""
| #define CPU_VENDOR_OS "i686-pc-linux-gnu"
| #define HAVE_LIBPTHREAD 1
| #define HAVE_LIBPTHREAD 1
| /* end confdefs.h.  */
| 
| /* Override any gcc2 internal prototype to avoid an error.  */
| #ifdef __cplusplus
| extern "C"
| #endif
| /* We use char because int might match the return type of a gcc2
|    builtin and then its argument prototype would still apply.  */
| char t_open ();
| int
| main ()
| {
| t_open ();
|   ;
|   return 0;
| }
configure:2590: result: no
configure:2601: checking for library containing socket
configure:2632: gcc -o conftest -g -O2 -D_REENTRANT -D_REENTRANT   conftest.c -lpthread -levent  >&5
configure:2635: $? = 0
configure:2638: test -s conftest
configure:2641: $? = 0
configure:2700: result: none required
configure:2708: checking for /usr/local/bind/lib/libbind.a
configure:2715: result: no
configure:2717: checking for /root/libbind.a
configure:2724: result: no
configure:2726: checking for /root/libresolv.a
configure:2733: result: no
configure:2736: checking for res_init in -lresolv
configure:2767: gcc -o conftest -g -O2 -D_REENTRANT -D_REENTRANT   conftest.c -lresolv  -lpthread -levent  >&5
/tmp/cc8ACJcm.o: In function `main':
/mnt/hgfs/centos_share/Me/Server/configure:2765: undefined reference to `res_init'
collect2: ld returned 1 exit status
configure:2770: $? = 1
configure: failed program was:
| #line 2743 "configure"
| /* confdefs.h.  */
| 
| #define PACKAGE_NAME ""
| #define PACKAGE_TARNAME ""
| #define PACKAGE_VERSION ""
| #define PACKAGE_STRING ""
| #define PACKAGE_BUGREPORT ""
| #define CPU_VENDOR_OS "i686-pc-linux-gnu"
| #define HAVE_LIBPTHREAD 1
| #define HAVE_LIBPTHREAD 1
| /* end confdefs.h.  */
| 
| /* Override any gcc2 internal prototype to avoid an error.  */
| #ifdef __cplusplus
| extern "C"
| #endif
| /* We use char because int might match the return type of a gcc2
|    builtin and then its argument prototype would still apply.  */
| char res_init ();
| int
| main ()
| {
| res_init ();
|   ;
|   return 0;
| }
configure:2788: result: no
configure:2804: checking for t_open in -lxti
configure:2835: gcc -o conftest -g -O2 -D_REENTRANT -D_REENTRANT   conftest.c -lxti  -lpthread -levent  >&5
/usr/bin/ld: cannot find -lxti
collect2: ld returned 1 exit status
configure:2838: $? = 1
configure: failed program was:
| #line 2811 "configure"
| /* confdefs.h.  */
| 
| #define PACKAGE_NAME ""
| #define PACKAGE_TARNAME ""
| #define PACKAGE_VERSION ""
| #define PACKAGE_STRING ""
| #define PACKAGE_BUGREPORT ""
| #define CPU_VENDOR_OS "i686-pc-linux-gnu"
| #define HAVE_LIBPTHREAD 1
| #define HAVE_LIBPTHREAD 1
| /* end confdefs.h.  */
| 
| /* Override any gcc2 internal prototype to avoid an error.  */
| #ifdef __cplusplus
| extern "C"
| #endif
| /* We use char because int might match the return type of a gcc2
|    builtin and then its argument prototype would still apply.  */
| char t_open ();
| int
| main ()
| {
| t_open ();
|   ;
|   return 0;
| }
configure:2856: result: no
configure:2868: checking for /root/libgame.a
configure:2876: result: no
configure:2901: checking how to run the C preprocessor
configure:2937: gcc -E  conftest.c
configure:2943: $? = 0
configure:2975: gcc -E  conftest.c
configure:2977:28: error: ac_nonexistent.h: No such file or directory
configure:2981: $? = 1
configure: failed program was:
| #line 2966 "configure"
| /* confdefs.h.  */
| 
| #define PACKAGE_NAME ""
| #define PACKAGE_TARNAME ""
| #define PACKAGE_VERSION ""
| #define PACKAGE_STRING ""
| #define PACKAGE_BUGREPORT ""
| #define CPU_VENDOR_OS "i686-pc-linux-gnu"
| #define HAVE_LIBPTHREAD 1
| #define HAVE_LIBPTHREAD 1
| /* end confdefs.h.  */
| #include <ac_nonexistent.h>
configure:3019: result: gcc -E
configure:3044: gcc -E  conftest.c
configure:3050: $? = 0
configure:3082: gcc -E  conftest.c
configure:3084:28: error: ac_nonexistent.h: No such file or directory
configure:3088: $? = 1
configure: failed program was:
| #line 3073 "configure"
| /* confdefs.h.  */
| 
| #define PACKAGE_NAME ""
| #define PACKAGE_TARNAME ""
| #define PACKAGE_VERSION ""
| #define PACKAGE_STRING ""
| #define PACKAGE_BUGREPORT ""
| #define CPU_VENDOR_OS "i686-pc-linux-gnu"
| #define HAVE_LIBPTHREAD 1
| #define HAVE_LIBPTHREAD 1
| /* end confdefs.h.  */
| #include <ac_nonexistent.h>
configure:3130: checking for egrep
configure:3140: result: grep -E
configure:3145: checking for ANSI C header files
configure:3171: gcc -c -g -O2 -D_REENTRANT -D_REENTRANT  conftest.c >&5
configure:3174: $? = 0
configure:3177: test -s conftest.o
configure:3180: $? = 0
configure:3272: gcc -o conftest -g -O2 -D_REENTRANT -D_REENTRANT   conftest.c -lpthread -levent  >&5
configure: In function 'main':
configure:3268: warning: incompatible implicit declaration of built-in function 'exit'
configure:3275: $? = 0
configure:3277: ./conftest
./conftest: error while loading shared libraries: libevent-2.0.so.5: cannot open shared object file: Error 40
configure:3280: $? = 127
configure: program exited with status 127
configure: failed program was:
| #line 3240 "configure"
| /* confdefs.h.  */
| 
| #define PACKAGE_NAME ""
| #define PACKAGE_TARNAME ""
| #define PACKAGE_VERSION ""
| #define PACKAGE_STRING ""
| #define PACKAGE_BUGREPORT ""
| #define CPU_VENDOR_OS "i686-pc-linux-gnu"
| #define HAVE_LIBPTHREAD 1
| #define HAVE_LIBPTHREAD 1
| /* end confdefs.h.  */
| #include <ctype.h>
| #if ((' ' & 0x0FF) == 0x020)
| # define ISLOWER(c) ('a' <= (c) && (c) <= 'z')
| # define TOUPPER(c) (ISLOWER(c) ? 'A' + ((c) - 'a') : (c))
| #else
| # define ISLOWER(c)                    (('a' <= (c) && (c) <= 'i')                      || ('j' <= (c) && (c) <= 'r')                      || ('s' <= (c) && (c) <= 'z'))
| # define TOUPPER(c) (ISLOWER(c) ? ((c) | 0x40) : (c))
| #endif
| 
| #define XOR(e, f) (((e) && !(f)) || (!(e) && (f)))
| int
| main ()
| {
|   int i;
|   for (i = 0; i < 256; i++)
|     if (XOR (islower (i), ISLOWER (i))
|         || toupper (i) != TOUPPER (i))
|       exit(2);
|   exit (0);
| }
configure:3295: result: no
configure:3342: checking for sys/types.h
configure:3396: gcc -c -g -O2 -D_REENTRANT -D_REENTRANT  conftest.c >&5
configure:3399: $? = 0
configure:3402: test -s conftest.o
configure:3405: $? = 0
configure:3416: result: yes
configure:3342: checking for sys/socket.h
configure:3396: gcc -c -g -O2 -D_REENTRANT -D_REENTRANT  conftest.c >&5
configure:3399: $? = 0
configure:3402: test -s conftest.o
configure:3405: $? = 0
configure:3416: result: yes
configure:3342: checking for sys/time.h
configure:3396: gcc -c -g -O2 -D_REENTRANT -D_REENTRANT  conftest.c >&5
configure:3399: $? = 0
configure:3402: test -s conftest.o
configure:3405: $? = 0
configure:3416: result: yes
configure:3342: checking for time.h
configure:3396: gcc -c -g -O2 -D_REENTRANT -D_REENTRANT  conftest.c >&5
configure:3399: $? = 0
configure:3402: test -s conftest.o
configure:3405: $? = 0
configure:3416: result: yes
configure:3342: checking for netinet/in.h
configure:3396: gcc -c -g -O2 -D_REENTRANT -D_REENTRANT  conftest.c >&5
configure:3399: $? = 0
configure:3402: test -s conftest.o
configure:3405: $? = 0
configure:3416: result: yes
configure:3342: checking for arpa/inet.h
configure:3396: gcc -c -g -O2 -D_REENTRANT -D_REENTRANT  conftest.c >&5
configure:3399: $? = 0
configure:3402: test -s conftest.o
configure:3405: $? = 0
configure:3416: result: yes
configure:3342: checking for errno.h
configure:3396: gcc -c -g -O2 -D_REENTRANT -D_REENTRANT  conftest.c >&5
configure:3399: $? = 0
configure:3402: test -s conftest.o
configure:3405: $? = 0
configure:3416: result: yes
configure:3342: checking for fcntl.h
configure:3396: gcc -c -g -O2 -D_REENTRANT -D_REENTRANT  conftest.c >&5
configure:3399: $? = 0
configure:3402: test -s conftest.o
configure:3405: $? = 0
configure:3416: result: yes
configure:3342: checking for netdb.h
configure:3396: gcc -c -g -O2 -D_REENTRANT -D_REENTRANT  conftest.c >&5
configure:3399: $? = 0
configure:3402: test -s conftest.o
configure:3405: $? = 0
configure:3416: result: yes
configure:3342: checking for signal.h
configure:3396: gcc -c -g -O2 -D_REENTRANT -D_REENTRANT  conftest.c >&5
configure:3399: $? = 0
configure:3402: test -s conftest.o
configure:3405: $? = 0
configure:3416: result: yes
configure:3342: checking for stdio.h
configure:3396: gcc -c -g -O2 -D_REENTRANT -D_REENTRANT  conftest.c >&5
configure:3399: $? = 0
configure:3402: test -s conftest.o
configure:3405: $? = 0
configure:3416: result: yes
configure:3342: checking for stdlib.h
configure:3396: gcc -c -g -O2 -D_REENTRANT -D_REENTRANT  conftest.c >&5
configure:3399: $? = 0
configure:3402: test -s conftest.o
configure:3405: $? = 0
configure:3416: result: yes
configure:3342: checking for string.h
configure:3396: gcc -c -g -O2 -D_REENTRANT -D_REENTRANT  conftest.c >&5
configure:3399: $? = 0
configure:3402: test -s conftest.o
configure:3405: $? = 0
configure:3416: result: yes
configure:3342: checking for sys/stat.h
configure:3396: gcc -c -g -O2 -D_REENTRANT -D_REENTRANT  conftest.c >&5
configure:3399: $? = 0
configure:3402: test -s conftest.o
configure:3405: $? = 0
configure:3416: result: yes
configure:3342: checking for sys/uio.h
configure:3396: gcc -c -g -O2 -D_REENTRANT -D_REENTRANT  conftest.c >&5
configure:3399: $? = 0
configure:3402: test -s conftest.o
configure:3405: $? = 0
configure:3416: result: yes
configure:3342: checking for unistd.h
configure:3396: gcc -c -g -O2 -D_REENTRANT -D_REENTRANT  conftest.c >&5
configure:3399: $? = 0
configure:3402: test -s conftest.o
configure:3405: $? = 0
configure:3416: result: yes
configure:3342: checking for sys/wait.h
configure:3396: gcc -c -g -O2 -D_REENTRANT -D_REENTRANT  conftest.c >&5
configure:3399: $? = 0
configure:3402: test -s conftest.o
configure:3405: $? = 0
configure:3416: result: yes
configure:3342: checking for sys/un.h
configure:3396: gcc -c -g -O2 -D_REENTRANT -D_REENTRANT  conftest.c >&5
configure:3399: $? = 0
configure:3402: test -s conftest.o
configure:3405: $? = 0
configure:3416: result: yes
configure:3342: checking for sys/param.h
configure:3396: gcc -c -g -O2 -D_REENTRANT -D_REENTRANT  conftest.c >&5
configure:3399: $? = 0
configure:3402: test -s conftest.o
configure:3405: $? = 0
configure:3416: result: yes
configure:3342: checking for sys/select.h
configure:3396: gcc -c -g -O2 -D_REENTRANT -D_REENTRANT  conftest.c >&5
configure:3399: $? = 0
configure:3402: test -s conftest.o
configure:3405: $? = 0
configure:3416: result: yes
configure:3342: checking for sys/sysctl.h
configure:3396: gcc -c -g -O2 -D_REENTRANT -D_REENTRANT  conftest.c >&5
configure:3399: $? = 0
configure:3402: test -s conftest.o
configure:3405: $? = 0
configure:3416: result: yes
configure:3342: checking for poll.h
configure:3396: gcc -c -g -O2 -D_REENTRANT -D_REENTRANT  conftest.c >&5
configure:3399: $? = 0
configure:3402: test -s conftest.o
configure:3405: $? = 0
configure:3416: result: yes
configure:3342: checking for sys/event.h
configure:3396: gcc -c -g -O2 -D_REENTRANT -D_REENTRANT  conftest.c >&5
configure:3419:23: error: sys/event.h: No such file or directory
configure:3399: $? = 1
configure: failed program was:
| #line 3347 "configure"
| /* confdefs.h.  */
| 
| #define PACKAGE_NAME ""
| #define PACKAGE_TARNAME ""
| #define PACKAGE_VERSION ""
| #define PACKAGE_STRING ""
| #define PACKAGE_BUGREPORT ""
| #define CPU_VENDOR_OS "i686-pc-linux-gnu"
| #define HAVE_LIBPTHREAD 1
| #define HAVE_LIBPTHREAD 1
| #define HAVE_SYS_TYPES_H 1
| #define HAVE_SYS_SOCKET_H 1
| #define HAVE_SYS_TIME_H 1
| #define HAVE_TIME_H 1
| #define HAVE_NETINET_IN_H 1
| #define HAVE_ARPA_INET_H 1
| #define HAVE_ERRNO_H 1
| #define HAVE_FCNTL_H 1
| #define HAVE_NETDB_H 1
| #define HAVE_SIGNAL_H 1
| #define HAVE_STDIO_H 1
| #define HAVE_STDLIB_H 1
| #define HAVE_STRING_H 1
| #define HAVE_SYS_STAT_H 1
| #define HAVE_SYS_UIO_H 1
| #define HAVE_UNISTD_H 1
| #define HAVE_SYS_WAIT_H 1
| #define HAVE_SYS_UN_H 1
| #define HAVE_SYS_PARAM_H 1
| #define HAVE_SYS_SELECT_H 1
| #define HAVE_SYS_SYSCTL_H 1
| #define HAVE_POLL_H 1
| /* end confdefs.h.  */
| 
| #include <stdio.h>
| #if HAVE_SYS_TYPES_H
| # include <sys/types.h>
| #endif
| #if HAVE_SYS_STAT_H
| # include <sys/stat.h>
| #endif
| #if STDC_HEADERS
| # include <stdlib.h>
| # include <stddef.h>
| #else
| # if HAVE_STDLIB_H
| #  include <stdlib.h>
| # endif
| #endif
| #if HAVE_STRING_H
| # if !STDC_HEADERS && HAVE_MEMORY_H
| #  include <memory.h>
| # endif
| # include <string.h>
| #endif
| #if HAVE_STRINGS_H
| # include <strings.h>
| #endif
| #if HAVE_INTTYPES_H
| # include <inttypes.h>
| #else
| # if HAVE_STDINT_H
| #  include <stdint.h>
| # endif
| #endif
| #if HAVE_UNISTD_H
| # include <unistd.h>
| #endif
| #if HAVE_SYS_PARAM_H
| # include <sys/param.h>
| #endif
| 
| #include <sys/event.h>
configure:3416: result: no
configure:3342: checking for strings.h
configure:3396: gcc -c -g -O2 -D_REENTRANT -D_REENTRANT  conftest.c >&5
configure:3399: $? = 0
configure:3402: test -s conftest.o
configure:3405: $? = 0
configure:3416: result: yes
configure:3342: checking for sys/ioctl.h
configure:3396: gcc -c -g -O2 -D_REENTRANT -D_REENTRANT  conftest.c >&5
configure:3399: $? = 0
configure:3402: test -s conftest.o
configure:3405: $? = 0
configure:3416: result: yes
configure:3342: checking for sys/filio.h
configure:3396: gcc -c -g -O2 -D_REENTRANT -D_REENTRANT  conftest.c >&5
configure:3421:23: error: sys/filio.h: No such file or directory
configure:3399: $? = 1
configure: failed program was:
| #line 3347 "configure"
| /* confdefs.h.  */
| 
| #define PACKAGE_NAME ""
| #define PACKAGE_TARNAME ""
| #define PACKAGE_VERSION ""
| #define PACKAGE_STRING ""
| #define PACKAGE_BUGREPORT ""
| #define CPU_VENDOR_OS "i686-pc-linux-gnu"
| #define HAVE_LIBPTHREAD 1
| #define HAVE_LIBPTHREAD 1
| #define HAVE_SYS_TYPES_H 1
| #define HAVE_SYS_SOCKET_H 1
| #define HAVE_SYS_TIME_H 1
| #define HAVE_TIME_H 1
| #define HAVE_NETINET_IN_H 1
| #define HAVE_ARPA_INET_H 1
| #define HAVE_ERRNO_H 1
| #define HAVE_FCNTL_H 1
| #define HAVE_NETDB_H 1
| #define HAVE_SIGNAL_H 1
| #define HAVE_STDIO_H 1
| #define HAVE_STDLIB_H 1
| #define HAVE_STRING_H 1
| #define HAVE_SYS_STAT_H 1
| #define HAVE_SYS_UIO_H 1
| #define HAVE_UNISTD_H 1
| #define HAVE_SYS_WAIT_H 1
| #define HAVE_SYS_UN_H 1
| #define HAVE_SYS_PARAM_H 1
| #define HAVE_SYS_SELECT_H 1
| #define HAVE_SYS_SYSCTL_H 1
| #define HAVE_POLL_H 1
| #define HAVE_STRINGS_H 1
| #define HAVE_SYS_IOCTL_H 1
| /* end confdefs.h.  */
| 
| #include <stdio.h>
| #if HAVE_SYS_TYPES_H
| # include <sys/types.h>
| #endif
| #if HAVE_SYS_STAT_H
| # include <sys/stat.h>
| #endif
| #if STDC_HEADERS
| # include <stdlib.h>
| # include <stddef.h>
| #else
| # if HAVE_STDLIB_H
| #  include <stdlib.h>
| # endif
| #endif
| #if HAVE_STRING_H
| # if !STDC_HEADERS && HAVE_MEMORY_H
| #  include <memory.h>
| # endif
| # include <string.h>
| #endif
| #if HAVE_STRINGS_H
| # include <strings.h>
| #endif
| #if HAVE_INTTYPES_H
| # include <inttypes.h>
| #else
| # if HAVE_STDINT_H
| #  include <stdint.h>
| # endif
| #endif
| #if HAVE_UNISTD_H
| # include <unistd.h>
| #endif
| #if HAVE_SYS_PARAM_H
| # include <sys/param.h>
| #endif
| 
| #include <sys/filio.h>
configure:3416: result: no
configure:3342: checking for sys/sockio.h
configure:3396: gcc -c -g -O2 -D_REENTRANT -D_REENTRANT  conftest.c >&5
configure:3421:24: error: sys/sockio.h: No such file or directory
configure:3399: $? = 1
configure: failed program was:
| #line 3347 "configure"
| /* confdefs.h.  */
| 
| #define PACKAGE_NAME ""
| #define PACKAGE_TARNAME ""
| #define PACKAGE_VERSION ""
| #define PACKAGE_STRING ""
| #define PACKAGE_BUGREPORT ""
| #define CPU_VENDOR_OS "i686-pc-linux-gnu"
| #define HAVE_LIBPTHREAD 1
| #define HAVE_LIBPTHREAD 1
| #define HAVE_SYS_TYPES_H 1
| #define HAVE_SYS_SOCKET_H 1
| #define HAVE_SYS_TIME_H 1
| #define HAVE_TIME_H 1
| #define HAVE_NETINET_IN_H 1
| #define HAVE_ARPA_INET_H 1
| #define HAVE_ERRNO_H 1
| #define HAVE_FCNTL_H 1
| #define HAVE_NETDB_H 1
| #define HAVE_SIGNAL_H 1
| #define HAVE_STDIO_H 1
| #define HAVE_STDLIB_H 1
| #define HAVE_STRING_H 1
| #define HAVE_SYS_STAT_H 1
| #define HAVE_SYS_UIO_H 1
| #define HAVE_UNISTD_H 1
| #define HAVE_SYS_WAIT_H 1
| #define HAVE_SYS_UN_H 1
| #define HAVE_SYS_PARAM_H 1
| #define HAVE_SYS_SELECT_H 1
| #define HAVE_SYS_SYSCTL_H 1
| #define HAVE_POLL_H 1
| #define HAVE_STRINGS_H 1
| #define HAVE_SYS_IOCTL_H 1
| /* end confdefs.h.  */
| 
| #include <stdio.h>
| #if HAVE_SYS_TYPES_H
| # include <sys/types.h>
| #endif
| #if HAVE_SYS_STAT_H
| # include <sys/stat.h>
| #endif
| #if STDC_HEADERS
| # include <stdlib.h>
| # include <stddef.h>
| #else
| # if HAVE_STDLIB_H
| #  include <stdlib.h>
| # endif
| #endif
| #if HAVE_STRING_H
| # if !STDC_HEADERS && HAVE_MEMORY_H
| #  include <memory.h>
| # endif
| # include <string.h>
| #endif
| #if HAVE_STRINGS_H
| # include <strings.h>
| #endif
| #if HAVE_INTTYPES_H
| # include <inttypes.h>
| #else
| # if HAVE_STDINT_H
| #  include <stdint.h>
| # endif
| #endif
| #if HAVE_UNISTD_H
| # include <unistd.h>
| #endif
| #if HAVE_SYS_PARAM_H
| # include <sys/param.h>
| #endif
| 
| #include <sys/sockio.h>
configure:3416: result: no
configure:3342: checking for pthread.h
configure:3396: gcc -c -g -O2 -D_REENTRANT -D_REENTRANT  conftest.c >&5
configure:3399: $? = 0
configure:3402: test -s conftest.o
configure:3405: $? = 0
configure:3416: result: yes
configure:3342: checking for net/if_dl.h
configure:3396: gcc -c -g -O2 -D_REENTRANT -D_REENTRANT  conftest.c >&5
configure:3422:23: error: net/if_dl.h: No such file or directory
configure:3399: $? = 1
configure: failed program was:
| #line 3347 "configure"
| /* confdefs.h.  */
| 
| #define PACKAGE_NAME ""
| #define PACKAGE_TARNAME ""
| #define PACKAGE_VERSION ""
| #define PACKAGE_STRING ""
| #define PACKAGE_BUGREPORT ""
| #define CPU_VENDOR_OS "i686-pc-linux-gnu"
| #define HAVE_LIBPTHREAD 1
| #define HAVE_LIBPTHREAD 1
| #define HAVE_SYS_TYPES_H 1
| #define HAVE_SYS_SOCKET_H 1
| #define HAVE_SYS_TIME_H 1
| #define HAVE_TIME_H 1
| #define HAVE_NETINET_IN_H 1
| #define HAVE_ARPA_INET_H 1
| #define HAVE_ERRNO_H 1
| #define HAVE_FCNTL_H 1
| #define HAVE_NETDB_H 1
| #define HAVE_SIGNAL_H 1
| #define HAVE_STDIO_H 1
| #define HAVE_STDLIB_H 1
| #define HAVE_STRING_H 1
| #define HAVE_SYS_STAT_H 1
| #define HAVE_SYS_UIO_H 1
| #define HAVE_UNISTD_H 1
| #define HAVE_SYS_WAIT_H 1
| #define HAVE_SYS_UN_H 1
| #define HAVE_SYS_PARAM_H 1
| #define HAVE_SYS_SELECT_H 1
| #define HAVE_SYS_SYSCTL_H 1
| #define HAVE_POLL_H 1
| #define HAVE_STRINGS_H 1
| #define HAVE_SYS_IOCTL_H 1
| #define HAVE_PTHREAD_H 1
| /* end confdefs.h.  */
| 
| #include <stdio.h>
| #if HAVE_SYS_TYPES_H
| # include <sys/types.h>
| #endif
| #if HAVE_SYS_STAT_H
| # include <sys/stat.h>
| #endif
| #if STDC_HEADERS
| # include <stdlib.h>
| # include <stddef.h>
| #else
| # if HAVE_STDLIB_H
| #  include <stdlib.h>
| # endif
| #endif
| #if HAVE_STRING_H
| # if !STDC_HEADERS && HAVE_MEMORY_H
| #  include <memory.h>
| # endif
| # include <string.h>
| #endif
| #if HAVE_STRINGS_H
| # include <strings.h>
| #endif
| #if HAVE_INTTYPES_H
| # include <inttypes.h>
| #else
| # if HAVE_STDINT_H
| #  include <stdint.h>
| # endif
| #endif
| #if HAVE_UNISTD_H
| # include <unistd.h>
| #endif
| #if HAVE_SYS_PARAM_H
| # include <sys/param.h>
| #endif
| 
| #include <net/if_dl.h>
configure:3416: result: no
configure:3342: checking for xti.h
configure:3396: gcc -c -g -O2 -D_REENTRANT -D_REENTRANT  conftest.c >&5
configure:3422:17: error: xti.h: No such file or directory
configure:3399: $? = 1
configure: failed program was:
| #line 3347 "configure"
| /* confdefs.h.  */
| 
| #define PACKAGE_NAME ""
| #define PACKAGE_TARNAME ""
| #define PACKAGE_VERSION ""
| #define PACKAGE_STRING ""
| #define PACKAGE_BUGREPORT ""
| #define CPU_VENDOR_OS "i686-pc-linux-gnu"
| #define HAVE_LIBPTHREAD 1
| #define HAVE_LIBPTHREAD 1
| #define HAVE_SYS_TYPES_H 1
| #define HAVE_SYS_SOCKET_H 1
| #define HAVE_SYS_TIME_H 1
| #define HAVE_TIME_H 1
| #define HAVE_NETINET_IN_H 1
| #define HAVE_ARPA_INET_H 1
| #define HAVE_ERRNO_H 1
| #define HAVE_FCNTL_H 1
| #define HAVE_NETDB_H 1
| #define HAVE_SIGNAL_H 1
| #define HAVE_STDIO_H 1
| #define HAVE_STDLIB_H 1
| #define HAVE_STRING_H 1
| #define HAVE_SYS_STAT_H 1
| #define HAVE_SYS_UIO_H 1
| #define HAVE_UNISTD_H 1
| #define HAVE_SYS_WAIT_H 1
| #define HAVE_SYS_UN_H 1
| #define HAVE_SYS_PARAM_H 1
| #define HAVE_SYS_SELECT_H 1
| #define HAVE_SYS_SYSCTL_H 1
| #define HAVE_POLL_H 1
| #define HAVE_STRINGS_H 1
| #define HAVE_SYS_IOCTL_H 1
| #define HAVE_PTHREAD_H 1
| /* end confdefs.h.  */
| 
| #include <stdio.h>
| #if HAVE_SYS_TYPES_H
| # include <sys/types.h>
| #endif
| #if HAVE_SYS_STAT_H
| # include <sys/stat.h>
| #endif
| #if STDC_HEADERS
| # include <stdlib.h>
| # include <stddef.h>
| #else
| # if HAVE_STDLIB_H
| #  include <stdlib.h>
| # endif
| #endif
| #if HAVE_STRING_H
| # if !STDC_HEADERS && HAVE_MEMORY_H
| #  include <memory.h>
| # endif
| # include <string.h>
| #endif
| #if HAVE_STRINGS_H
| # include <strings.h>
| #endif
| #if HAVE_INTTYPES_H
| # include <inttypes.h>
| #else
| # if HAVE_STDINT_H
| #  include <stdint.h>
| # endif
| #endif
| #if HAVE_UNISTD_H
| # include <unistd.h>
| #endif
| #if HAVE_SYS_PARAM_H
| # include <sys/param.h>
| #endif
| 
| #include <xti.h>
configure:3416: result: no
configure:3342: checking for xti_inet.h
configure:3396: gcc -c -g -O2 -D_REENTRANT -D_REENTRANT  conftest.c >&5
configure:3422:22: error: xti_inet.h: No such file or directory
configure:3399: $? = 1
configure: failed program was:
| #line 3347 "configure"
| /* confdefs.h.  */
| 
| #define PACKAGE_NAME ""
| #define PACKAGE_TARNAME ""
| #define PACKAGE_VERSION ""
| #define PACKAGE_STRING ""
| #define PACKAGE_BUGREPORT ""
| #define CPU_VENDOR_OS "i686-pc-linux-gnu"
| #define HAVE_LIBPTHREAD 1
| #define HAVE_LIBPTHREAD 1
| #define HAVE_SYS_TYPES_H 1
| #define HAVE_SYS_SOCKET_H 1
| #define HAVE_SYS_TIME_H 1
| #define HAVE_TIME_H 1
| #define HAVE_NETINET_IN_H 1
| #define HAVE_ARPA_INET_H 1
| #define HAVE_ERRNO_H 1
| #define HAVE_FCNTL_H 1
| #define HAVE_NETDB_H 1
| #define HAVE_SIGNAL_H 1
| #define HAVE_STDIO_H 1
| #define HAVE_STDLIB_H 1
| #define HAVE_STRING_H 1
| #define HAVE_SYS_STAT_H 1
| #define HAVE_SYS_UIO_H 1
| #define HAVE_UNISTD_H 1
| #define HAVE_SYS_WAIT_H 1
| #define HAVE_SYS_UN_H 1
| #define HAVE_SYS_PARAM_H 1
| #define HAVE_SYS_SELECT_H 1
| #define HAVE_SYS_SYSCTL_H 1
| #define HAVE_POLL_H 1
| #define HAVE_STRINGS_H 1
| #define HAVE_SYS_IOCTL_H 1
| #define HAVE_PTHREAD_H 1
| /* end confdefs.h.  */
| 
| #include <stdio.h>
| #if HAVE_SYS_TYPES_H
| # include <sys/types.h>
| #endif
| #if HAVE_SYS_STAT_H
| # include <sys/stat.h>
| #endif
| #if STDC_HEADERS
| # include <stdlib.h>
| # include <stddef.h>
| #else
| # if HAVE_STDLIB_H
| #  include <stdlib.h>
| # endif
| #endif
| #if HAVE_STRING_H
| # if !STDC_HEADERS && HAVE_MEMORY_H
| #  include <memory.h>
| # endif
| # include <string.h>
| #endif
| #if HAVE_STRINGS_H
| # include <strings.h>
| #endif
| #if HAVE_INTTYPES_H
| # include <inttypes.h>
| #else
| # if HAVE_STDINT_H
| #  include <stdint.h>
| # endif
| #endif
| #if HAVE_UNISTD_H
| # include <unistd.h>
| #endif
| #if HAVE_SYS_PARAM_H
| # include <sys/param.h>
| #endif
| 
| #include <xti_inet.h>
configure:3416: result: no
configure:3342: checking for netconfig.h
configure:3396: gcc -c -g -O2 -D_REENTRANT -D_REENTRANT  conftest.c >&5
configure:3422:23: error: netconfig.h: No such file or directory
configure:3399: $? = 1
configure: failed program was:
| #line 3347 "configure"
| /* confdefs.h.  */
| 
| #define PACKAGE_NAME ""
| #define PACKAGE_TARNAME ""
| #define PACKAGE_VERSION ""
| #define PACKAGE_STRING ""
| #define PACKAGE_BUGREPORT ""
| #define CPU_VENDOR_OS "i686-pc-linux-gnu"
| #define HAVE_LIBPTHREAD 1
| #define HAVE_LIBPTHREAD 1
| #define HAVE_SYS_TYPES_H 1
| #define HAVE_SYS_SOCKET_H 1
| #define HAVE_SYS_TIME_H 1
| #define HAVE_TIME_H 1
| #define HAVE_NETINET_IN_H 1
| #define HAVE_ARPA_INET_H 1
| #define HAVE_ERRNO_H 1
| #define HAVE_FCNTL_H 1
| #define HAVE_NETDB_H 1
| #define HAVE_SIGNAL_H 1
| #define HAVE_STDIO_H 1
| #define HAVE_STDLIB_H 1
| #define HAVE_STRING_H 1
| #define HAVE_SYS_STAT_H 1
| #define HAVE_SYS_UIO_H 1
| #define HAVE_UNISTD_H 1
| #define HAVE_SYS_WAIT_H 1
| #define HAVE_SYS_UN_H 1
| #define HAVE_SYS_PARAM_H 1
| #define HAVE_SYS_SELECT_H 1
| #define HAVE_SYS_SYSCTL_H 1
| #define HAVE_POLL_H 1
| #define HAVE_STRINGS_H 1
| #define HAVE_SYS_IOCTL_H 1
| #define HAVE_PTHREAD_H 1
| /* end confdefs.h.  */
| 
| #include <stdio.h>
| #if HAVE_SYS_TYPES_H
| # include <sys/types.h>
| #endif
| #if HAVE_SYS_STAT_H
| # include <sys/stat.h>
| #endif
| #if STDC_HEADERS
| # include <stdlib.h>
| # include <stddef.h>
| #else
| # if HAVE_STDLIB_H
| #  include <stdlib.h>
| # endif
| #endif
| #if HAVE_STRING_H
| # if !STDC_HEADERS && HAVE_MEMORY_H
| #  include <memory.h>
| # endif
| # include <string.h>
| #endif
| #if HAVE_STRINGS_H
| # include <strings.h>
| #endif
| #if HAVE_INTTYPES_H
| # include <inttypes.h>
| #else
| # if HAVE_STDINT_H
| #  include <stdint.h>
| # endif
| #endif
| #if HAVE_UNISTD_H
| # include <unistd.h>
| #endif
| #if HAVE_SYS_PARAM_H
| # include <sys/param.h>
| #endif
| 
| #include <netconfig.h>
configure:3416: result: no
configure:3342: checking for netdir.h
configure:3396: gcc -c -g -O2 -D_REENTRANT -D_REENTRANT  conftest.c >&5
configure:3422:20: error: netdir.h: No such file or directory
configure:3399: $? = 1
configure: failed program was:
| #line 3347 "configure"
| /* confdefs.h.  */
| 
| #define PACKAGE_NAME ""
| #define PACKAGE_TARNAME ""
| #define PACKAGE_VERSION ""
| #define PACKAGE_STRING ""
| #define PACKAGE_BUGREPORT ""
| #define CPU_VENDOR_OS "i686-pc-linux-gnu"
| #define HAVE_LIBPTHREAD 1
| #define HAVE_LIBPTHREAD 1
| #define HAVE_SYS_TYPES_H 1
| #define HAVE_SYS_SOCKET_H 1
| #define HAVE_SYS_TIME_H 1
| #define HAVE_TIME_H 1
| #define HAVE_NETINET_IN_H 1
| #define HAVE_ARPA_INET_H 1
| #define HAVE_ERRNO_H 1
| #define HAVE_FCNTL_H 1
| #define HAVE_NETDB_H 1
| #define HAVE_SIGNAL_H 1
| #define HAVE_STDIO_H 1
| #define HAVE_STDLIB_H 1
| #define HAVE_STRING_H 1
| #define HAVE_SYS_STAT_H 1
| #define HAVE_SYS_UIO_H 1
| #define HAVE_UNISTD_H 1
| #define HAVE_SYS_WAIT_H 1
| #define HAVE_SYS_UN_H 1
| #define HAVE_SYS_PARAM_H 1
| #define HAVE_SYS_SELECT_H 1
| #define HAVE_SYS_SYSCTL_H 1
| #define HAVE_POLL_H 1
| #define HAVE_STRINGS_H 1
| #define HAVE_SYS_IOCTL_H 1
| #define HAVE_PTHREAD_H 1
| /* end confdefs.h.  */
| 
| #include <stdio.h>
| #if HAVE_SYS_TYPES_H
| # include <sys/types.h>
| #endif
| #if HAVE_SYS_STAT_H
| # include <sys/stat.h>
| #endif
| #if STDC_HEADERS
| # include <stdlib.h>
| # include <stddef.h>
| #else
| # if HAVE_STDLIB_H
| #  include <stdlib.h>
| # endif
| #endif
| #if HAVE_STRING_H
| # if !STDC_HEADERS && HAVE_MEMORY_H
| #  include <memory.h>
| # endif
| # include <string.h>
| #endif
| #if HAVE_STRINGS_H
| # include <strings.h>
| #endif
| #if HAVE_INTTYPES_H
| # include <inttypes.h>
| #else
| # if HAVE_STDINT_H
| #  include <stdint.h>
| # endif
| #endif
| #if HAVE_UNISTD_H
| # include <unistd.h>
| #endif
| #if HAVE_SYS_PARAM_H
| # include <sys/param.h>
| #endif
| 
| #include <netdir.h>
configure:3416: result: no
configure:3342: checking for stropts.h
configure:3396: gcc -c -g -O2 -D_REENTRANT -D_REENTRANT  conftest.c >&5
configure:3399: $? = 0
configure:3402: test -s conftest.o
configure:3405: $? = 0
configure:3416: result: yes
configure:3428: checking whether time.h and sys/time.h may both be included
configure:3454: gcc -c -g -O2 -D_REENTRANT -D_REENTRANT  conftest.c >&5
configure:3457: $? = 0
configure:3460: test -s conftest.o
configure:3463: $? = 0
configure:3474: result: yes
configure:3484: checking if uint8_t defined
configure:3576: gcc -c -g -O2 -D_REENTRANT -D_REENTRANT  conftest.c >&5
configure:3579: $? = 0
configure:3582: test -s conftest.o
configure:3585: $? = 0
configure:3597: result: yes
configure:3607: checking if int16_t defined
configure:3699: gcc -c -g -O2 -D_REENTRANT -D_REENTRANT  conftest.c >&5
configure:3702: $? = 0
configure:3705: test -s conftest.o
configure:3708: $? = 0
configure:3720: result: yes
configure:3730: checking if uint16_t defined
configure:3822: gcc -c -g -O2 -D_REENTRANT -D_REENTRANT  conftest.c >&5
configure:3825: $? = 0
configure:3828: test -s conftest.o
configure:3831: $? = 0
configure:3843: result: yes
configure:3853: checking if int32_t defined
configure:3945: gcc -c -g -O2 -D_REENTRANT -D_REENTRANT  conftest.c >&5
configure:3948: $? = 0
configure:3951: test -s conftest.o
configure:3954: $? = 0
configure:3966: result: yes
configure:3976: checking if uint32_t defined
configure:4068: gcc -c -g -O2 -D_REENTRANT -D_REENTRANT  conftest.c >&5
configure:4071: $? = 0
configure:4074: test -s conftest.o
configure:4077: $? = 0
configure:4089: result: yes
configure:4099: checking if size_t defined
configure:4191: gcc -c -g -O2 -D_REENTRANT -D_REENTRANT  conftest.c >&5
configure:4194: $? = 0
configure:4197: test -s conftest.o
configure:4200: $? = 0
configure:4212: result: yes
configure:4222: checking if ssize_t defined
configure:4314: gcc -c -g -O2 -D_REENTRANT -D_REENTRANT  conftest.c >&5
configure:4317: $? = 0
configure:4320: test -s conftest.o
configure:4323: $? = 0
configure:4335: result: yes
configure:4345: checking if socklen_t defined
configure:4437: gcc -c -g -O2 -D_REENTRANT -D_REENTRANT  conftest.c >&5
configure:4440: $? = 0
configure:4443: test -s conftest.o
configure:4446: $? = 0
configure:4458: result: yes
configure:4468: checking if sa_family_t defined
configure:4560: gcc -c -g -O2 -D_REENTRANT -D_REENTRANT  conftest.c >&5
configure:4563: $? = 0
configure:4566: test -s conftest.o
configure:4569: $? = 0
configure:4581: result: yes
configure:4592: checking if t_scalar_t defined
configure:4699: gcc -c -g -O2 -D_REENTRANT -D_REENTRANT  conftest.c >&5
configure: In function 'main':
configure:4724: error: 't_scalar_t' undeclared (first use in this function)
configure:4724: error: (Each undeclared identifier is reported only once
configure:4724: error: for each function it appears in.)
configure:4724: error: expected ';' before 'foo'
configure:4702: $? = 1
configure: failed program was:
| #line 4597 "configure"
| /* confdefs.h.  */
| 
| #define PACKAGE_NAME ""
| #define PACKAGE_TARNAME ""
| #define PACKAGE_VERSION ""
| #define PACKAGE_STRING ""
| #define PACKAGE_BUGREPORT ""
| #define CPU_VENDOR_OS "i686-pc-linux-gnu"
| #define HAVE_LIBPTHREAD 1
| #define HAVE_LIBPTHREAD 1
| #define HAVE_SYS_TYPES_H 1
| #define HAVE_SYS_SOCKET_H 1
| #define HAVE_SYS_TIME_H 1
| #define HAVE_TIME_H 1
| #define HAVE_NETINET_IN_H 1
| #define HAVE_ARPA_INET_H 1
| #define HAVE_ERRNO_H 1
| #define HAVE_FCNTL_H 1
| #define HAVE_NETDB_H 1
| #define HAVE_SIGNAL_H 1
| #define HAVE_STDIO_H 1
| #define HAVE_STDLIB_H 1
| #define HAVE_STRING_H 1
| #define HAVE_SYS_STAT_H 1
| #define HAVE_SYS_UIO_H 1
| #define HAVE_UNISTD_H 1
| #define HAVE_SYS_WAIT_H 1
| #define HAVE_SYS_UN_H 1
| #define HAVE_SYS_PARAM_H 1
| #define HAVE_SYS_SELECT_H 1
| #define HAVE_SYS_SYSCTL_H 1
| #define HAVE_POLL_H 1
| #define HAVE_STRINGS_H 1
| #define HAVE_SYS_IOCTL_H 1
| #define HAVE_PTHREAD_H 1
| #define HAVE_STROPTS_H 1
| #define TIME_WITH_SYS_TIME 1
| /* end confdefs.h.  */
| 
| #include	"confdefs.h"	/* the header built by configure so far */
| #ifdef	HAVE_SYS_TYPES_H
| #  include	<sys/types.h>
| #endif
| #ifdef	HAVE_SYS_SOCKET_H
| #  include	<sys/socket.h>
| #endif
| #ifdef	HAVE_SYS_TIME_H
| #  include    <sys/time.h>
| #endif
| #ifdef	HAVE_NETINET_IN_H
| #  include    <netinet/in.h>
| #endif
| #ifdef	HAVE_ARPA_INET_H
| #  include    <arpa/inet.h>
| #endif
| #ifdef	HAVE_ERRNO_H
| #  include    <errno.h>
| #endif
| #ifdef	HAVE_FCNTL_H
| #  include    <fcntl.h>
| #endif
| #ifdef	HAVE_NETDB_H
| #  include	<netdb.h>
| #endif
| #ifdef	HAVE_SIGNAL_H
| #  include	<signal.h>
| #endif
| #ifdef	HAVE_STDIO_H
| #  include	<stdio.h>
| #endif
| #ifdef	HAVE_STDLIB_H
| #  include	<stdlib.h>
| #endif
| #ifdef	HAVE_STRING_H
| #  include	<string.h>
| #endif
| #ifdef	HAVE_SYS_STAT_H
| #  include	<sys/stat.h>
| #endif
| #ifdef	HAVE_SYS_UIO_H
| #  include	<sys/uio.h>
| #endif
| #ifdef	HAVE_UNISTD_H
| #  include	<unistd.h>
| #endif
| #ifdef	HAVE_SYS_WAIT_H
| #  include	<sys/wait.h>
| #endif
| #ifdef	HAVE_SYS_UN_H
| #  include	<sys/un.h>
| #endif
| #ifdef	HAVE_SYS_SELECT_H
| # include   <sys/select.h>
| #endif
| #ifdef	HAVE_STRINGS_H
| # include   <strings.h>
| #endif
| #ifdef	HAVE_SYS_IOCTL_H
| # include   <sys/ioctl.h>
| #endif
| #ifdef	HAVE_SYS_FILIO_H
| # include   <sys/filio.h>
| #endif
| #ifdef	HAVE_SYS_SOCKIO_H
| # include   <sys/sockio.h>
| #endif
| #ifdef	HAVE_PTHREAD_H
| #  include	<pthread.h>
| #endif
| #ifdef	HAVE_POLL_H
| #  include	<poll.h>
| #endif
| #ifdef	HAVE_XTI_H
| #  include	<xti.h>
| #endif
| #ifdef	HAVE_NETCONFIG_H
| #  include	<netconfig.h>
| #endif
| #ifdef	HAVE_NETDIR_H
| #  include	<netdir.h>
| #endif
| #ifdef	HAVE_STROPTS_H
| #  include	<stropts.h>
| #endif
| int
| main ()
| {
|  t_scalar_t foo
|   ;
|   return 0;
| }
configure:4720: result: no
configure:4730: checking if t_uscalar_t defined
configure:4837: gcc -c -g -O2 -D_REENTRANT -D_REENTRANT  conftest.c >&5
configure:4840: $? = 0
configure:4843: test -s conftest.o
configure:4846: $? = 0
configure:4858: result: yes
configure:4869: checking for struct sockaddr.sa_len
configure:4896: gcc -c -g -O2 -D_REENTRANT -D_REENTRANT  conftest.c >&5
configure: In function 'main':
configure:4921: error: 'struct sockaddr' has no member named 'sa_len'
configure:4899: $? = 1
configure: failed program was:
| #line 4874 "configure"
| /* confdefs.h.  */
| 
| #define PACKAGE_NAME ""
| #define PACKAGE_TARNAME ""
| #define PACKAGE_VERSION ""
| #define PACKAGE_STRING ""
| #define PACKAGE_BUGREPORT ""
| #define CPU_VENDOR_OS "i686-pc-linux-gnu"
| #define HAVE_LIBPTHREAD 1
| #define HAVE_LIBPTHREAD 1
| #define HAVE_SYS_TYPES_H 1
| #define HAVE_SYS_SOCKET_H 1
| #define HAVE_SYS_TIME_H 1
| #define HAVE_TIME_H 1
| #define HAVE_NETINET_IN_H 1
| #define HAVE_ARPA_INET_H 1
| #define HAVE_ERRNO_H 1
| #define HAVE_FCNTL_H 1
| #define HAVE_NETDB_H 1
| #define HAVE_SIGNAL_H 1
| #define HAVE_STDIO_H 1
| #define HAVE_STDLIB_H 1
| #define HAVE_STRING_H 1
| #define HAVE_SYS_STAT_H 1
| #define HAVE_SYS_UIO_H 1
| #define HAVE_UNISTD_H 1
| #define HAVE_SYS_WAIT_H 1
| #define HAVE_SYS_UN_H 1
| #define HAVE_SYS_PARAM_H 1
| #define HAVE_SYS_SELECT_H 1
| #define HAVE_SYS_SYSCTL_H 1
| #define HAVE_POLL_H 1
| #define HAVE_STRINGS_H 1
| #define HAVE_SYS_IOCTL_H 1
| #define HAVE_PTHREAD_H 1
| #define HAVE_STROPTS_H 1
| #define TIME_WITH_SYS_TIME 1
| #define t_scalar_t int32_t
| /* end confdefs.h.  */
| 
| #include <sys/types.h>
| #include <sys/socket.h>
| 
| int
| main ()
| {
| static struct sockaddr ac_aggr;
| if (ac_aggr.sa_len)
| return 0;
|   ;
|   return 0;
| }
configure:4934: gcc -c -g -O2 -D_REENTRANT -D_REENTRANT  conftest.c >&5
configure: In function 'main':
configure:4959: error: 'struct sockaddr' has no member named 'sa_len'
configure:4937: $? = 1
configure: failed program was:
| #line 4912 "configure"
| /* confdefs.h.  */
| 
| #define PACKAGE_NAME ""
| #define PACKAGE_TARNAME ""
| #define PACKAGE_VERSION ""
| #define PACKAGE_STRING ""
| #define PACKAGE_BUGREPORT ""
| #define CPU_VENDOR_OS "i686-pc-linux-gnu"
| #define HAVE_LIBPTHREAD 1
| #define HAVE_LIBPTHREAD 1
| #define HAVE_SYS_TYPES_H 1
| #define HAVE_SYS_SOCKET_H 1
| #define HAVE_SYS_TIME_H 1
| #define HAVE_TIME_H 1
| #define HAVE_NETINET_IN_H 1
| #define HAVE_ARPA_INET_H 1
| #define HAVE_ERRNO_H 1
| #define HAVE_FCNTL_H 1
| #define HAVE_NETDB_H 1
| #define HAVE_SIGNAL_H 1
| #define HAVE_STDIO_H 1
| #define HAVE_STDLIB_H 1
| #define HAVE_STRING_H 1
| #define HAVE_SYS_STAT_H 1
| #define HAVE_SYS_UIO_H 1
| #define HAVE_UNISTD_H 1
| #define HAVE_SYS_WAIT_H 1
| #define HAVE_SYS_UN_H 1
| #define HAVE_SYS_PARAM_H 1
| #define HAVE_SYS_SELECT_H 1
| #define HAVE_SYS_SYSCTL_H 1
| #define HAVE_POLL_H 1
| #define HAVE_STRINGS_H 1
| #define HAVE_SYS_IOCTL_H 1
| #define HAVE_PTHREAD_H 1
| #define HAVE_STROPTS_H 1
| #define TIME_WITH_SYS_TIME 1
| #define t_scalar_t int32_t
| /* end confdefs.h.  */
| 
| #include <sys/types.h>
| #include <sys/socket.h>
| 
| int
| main ()
| {
| static struct sockaddr ac_aggr;
| if (sizeof ac_aggr.sa_len)
| return 0;
|   ;
|   return 0;
| }
configure:4956: result: no
configure:4982: checking for struct sockaddr_storage
configure:5010: gcc -c -g -O2 -D_REENTRANT -D_REENTRANT  conftest.c >&5
configure:5013: $? = 0
configure:5016: test -s conftest.o
configure:5019: $? = 0
configure:5030: result: yes
configure:5038: checking for struct sockaddr_storage.ss_family
configure:5065: gcc -c -g -O2 -D_REENTRANT -D_REENTRANT  conftest.c >&5
configure:5068: $? = 0
configure:5071: test -s conftest.o
configure:5074: $? = 0
configure:5125: result: yes
configure:5236: checking for struct msghdr.msg_control
configure:5263: gcc -c -g -O2 -D_REENTRANT -D_REENTRANT  conftest.c >&5
configure:5266: $? = 0
configure:5269: test -s conftest.o
configure:5272: $? = 0
configure:5323: result: yes
configure:5334: checking for struct ifreq.ifr_mtu
configure:5361: gcc -c -g -O2 -D_REENTRANT -D_REENTRANT  conftest.c >&5
configure:5364: $? = 0
configure:5367: test -s conftest.o
configure:5370: $? = 0
configure:5421: result: yes
configure:5433: checking for getaddrinfo function prototype in netdb.h
configure:5457: result: yes
configure:5467: checking for getnameinfo function prototype in netdb.h
configure:5491: result: yes
configure:5501: checking for gethostname function prototype in unistd.h
configure:5525: result: yes
configure:5535: checking for getrusage function prototype in sys/resource.h
configure:5559: result: yes
configure:5569: checking for hstrerror function prototype in netdb.h
configure:5593: result: yes
configure:5603: checking for if_nametoindex function prototype in net/if.h
configure:5627: result: yes
configure:5637: checking for inet_aton function prototype in arpa/inet.h
configure:5661: result: yes
configure:5671: checking for inet_pton function prototype in arpa/inet.h
configure:5695: result: yes
configure:5705: checking for pselect function prototype in sys/select.h
configure:5729: result: yes
configure:5739: checking for snprintf function prototype in stdio.h
configure:5763: result: yes
configure:5773: checking for sockatmark function prototype in sys/socket.h
configure:5797: result: yes
configure:5830: checking for struct addrinfo
configure:5857: gcc -c -g -O2 -D_REENTRANT -D_REENTRANT  conftest.c >&5
configure:5860: $? = 0
configure:5863: test -s conftest.o
configure:5866: $? = 0
configure:5877: result: yes
configure:5888: checking for struct if_nameindex
configure:5917: gcc -c -g -O2 -D_REENTRANT -D_REENTRANT  conftest.c >&5
configure:5920: $? = 0
configure:5923: test -s conftest.o
configure:5926: $? = 0
configure:5937: result: yes
configure:5948: checking for struct sockaddr_dl
configure:5977: gcc -c -g -O2 -D_REENTRANT -D_REENTRANT  conftest.c >&5
configure:6011:23: error: net/if_dl.h: No such file or directory
configure: In function 'main':
configure:6018: error: invalid application of 'sizeof' to incomplete type 'struct sockaddr_dl' 
configure:5980: $? = 1
configure: failed program was:
| #line 5953 "configure"
| /* confdefs.h.  */
| 
| #define PACKAGE_NAME ""
| #define PACKAGE_TARNAME ""
| #define PACKAGE_VERSION ""
| #define PACKAGE_STRING ""
| #define PACKAGE_BUGREPORT ""
| #define CPU_VENDOR_OS "i686-pc-linux-gnu"
| #define HAVE_LIBPTHREAD 1
| #define HAVE_LIBPTHREAD 1
| #define HAVE_SYS_TYPES_H 1
| #define HAVE_SYS_SOCKET_H 1
| #define HAVE_SYS_TIME_H 1
| #define HAVE_TIME_H 1
| #define HAVE_NETINET_IN_H 1
| #define HAVE_ARPA_INET_H 1
| #define HAVE_ERRNO_H 1
| #define HAVE_FCNTL_H 1
| #define HAVE_NETDB_H 1
| #define HAVE_SIGNAL_H 1
| #define HAVE_STDIO_H 1
| #define HAVE_STDLIB_H 1
| #define HAVE_STRING_H 1
| #define HAVE_SYS_STAT_H 1
| #define HAVE_SYS_UIO_H 1
| #define HAVE_UNISTD_H 1
| #define HAVE_SYS_WAIT_H 1
| #define HAVE_SYS_UN_H 1
| #define HAVE_SYS_PARAM_H 1
| #define HAVE_SYS_SELECT_H 1
| #define HAVE_SYS_SYSCTL_H 1
| #define HAVE_POLL_H 1
| #define HAVE_STRINGS_H 1
| #define HAVE_SYS_IOCTL_H 1
| #define HAVE_PTHREAD_H 1
| #define HAVE_STROPTS_H 1
| #define TIME_WITH_SYS_TIME 1
| #define t_scalar_t int32_t
| #define HAVE_STRUCT_SOCKADDR_STORAGE 1
| #define HAVE_MSGHDR_MSG_CONTROL 1
| #define HAVE_STRUCT_IFREQ_IFR_MTU 1
| #define HAVE_GETADDRINFO_PROTO 1
| #define HAVE_GETNAMEINFO_PROTO 1
| #define HAVE_GETHOSTNAME_PROTO 1
| #define HAVE_GETRUSAGE_PROTO 1
| #define HAVE_HSTRERROR_PROTO 1
| #define HAVE_IF_NAMETOINDEX_PROTO 1
| #define HAVE_INET_ATON_PROTO 1
| #define HAVE_INET_PTON_PROTO 1
| #define HAVE_PSELECT_PROTO 1
| #define HAVE_SNPRINTF_PROTO 1
| #define HAVE_SOCKATMARK_PROTO 1
| #define HAVE_ADDRINFO_STRUCT 1
| #define HAVE_IF_NAMEINDEX_STRUCT 1
| /* end confdefs.h.  */
| 
| #include <sys/types.h>
| #include <sys/socket.h>
| #include <net/if_dl.h>
| 
| int
| main ()
| {
| if ((struct sockaddr_dl *) 0)
|   return 0;
| if (sizeof (struct sockaddr_dl))
|   return 0;
|   ;
|   return 0;
| }
configure:5997: result: no
configure:6008: checking for struct timespec
configure:6045: gcc -c -g -O2 -D_REENTRANT -D_REENTRANT  conftest.c >&5
configure:6048: $? = 0
configure:6051: test -s conftest.o
configure:6054: $? = 0
configure:6065: result: yes
configure:6076: checking for /dev/tcp
configure:6087: result: no
configure:6090: checking for /dev/xti/tcp
configure:6101: result: no
configure:6104: checking for /dev/streams/xtiso/tcp
configure:6115: result: no
configure:6125: checking for bzero
configure:6175: gcc -o conftest -g -O2 -D_REENTRANT -D_REENTRANT   conftest.c -lpthread -levent  >&5
configure:6202: warning: conflicting types for built-in function 'bzero'
configure:6178: $? = 0
configure:6181: test -s conftest
configure:6184: $? = 0
configure:6195: result: yes
configure:6209: checking for getaddrinfo
configure:6259: gcc -o conftest -g -O2 -D_REENTRANT -D_REENTRANT   conftest.c -lpthread -levent  >&5
configure:6262: $? = 0
configure:6265: test -s conftest
configure:6268: $? = 0
configure:6279: result: yes
configure:6293: checking for gethostname
configure:6343: gcc -o conftest -g -O2 -D_REENTRANT -D_REENTRANT   conftest.c -lpthread -levent  >&5
configure:6346: $? = 0
configure:6349: test -s conftest
configure:6352: $? = 0
configure:6363: result: yes
configure:6377: checking for gethostbyname2
configure:6427: gcc -o conftest -g -O2 -D_REENTRANT -D_REENTRANT   conftest.c -lpthread -levent  >&5
configure:6430: $? = 0
configure:6433: test -s conftest
configure:6436: $? = 0
configure:6447: result: yes
configure:6461: checking for gethostbyname_r
configure:6511: gcc -o conftest -g -O2 -D_REENTRANT -D_REENTRANT   conftest.c -lpthread -levent  >&5
configure:6514: $? = 0
configure:6517: test -s conftest
configure:6520: $? = 0
configure:6531: result: yes
configure:6545: checking for getnameinfo
configure:6595: gcc -o conftest -g -O2 -D_REENTRANT -D_REENTRANT   conftest.c -lpthread -levent  >&5
configure:6598: $? = 0
configure:6601: test -s conftest
configure:6604: $? = 0
configure:6615: result: yes
configure:6629: checking for hstrerror
configure:6679: gcc -o conftest -g -O2 -D_REENTRANT -D_REENTRANT   conftest.c -lpthread -levent  >&5
configure:6682: $? = 0
configure:6685: test -s conftest
configure:6688: $? = 0
configure:6699: result: yes
configure:6713: checking for if_nametoindex
configure:6763: gcc -o conftest -g -O2 -D_REENTRANT -D_REENTRANT   conftest.c -lpthread -levent  >&5
configure:6766: $? = 0
configure:6769: test -s conftest
configure:6772: $? = 0
configure:6783: result: yes
configure:6797: checking for inet_aton
configure:6847: gcc -o conftest -g -O2 -D_REENTRANT -D_REENTRANT   conftest.c -lpthread -levent  >&5
configure:6850: $? = 0
configure:6853: test -s conftest
configure:6856: $? = 0
configure:6867: result: yes
configure:6881: checking for inet_pton
configure:6931: gcc -o conftest -g -O2 -D_REENTRANT -D_REENTRANT   conftest.c -lpthread -levent  >&5
configure:6934: $? = 0
configure:6937: test -s conftest
configure:6940: $? = 0
configure:6951: result: yes
configure:6965: checking for inet6_rth_init
configure:7015: gcc -o conftest -g -O2 -D_REENTRANT -D_REENTRANT   conftest.c -lpthread -levent  >&5
configure:7018: $? = 0
configure:7021: test -s conftest
configure:7024: $? = 0
configure:7035: result: yes
configure:7050: checking for kqueue
configure:7100: gcc -o conftest -g -O2 -D_REENTRANT -D_REENTRANT   conftest.c -lpthread -levent  >&5
/tmp/ccyAEZBd.o: In function `main':
/mnt/hgfs/centos_share/Me/Server/configure:7153: undefined reference to `kqueue'
/tmp/ccyAEZBd.o:(.data+0x0): undefined reference to `kqueue'
collect2: ld returned 1 exit status
configure:7103: $? = 1
configure: failed program was:
| #line 7055 "configure"
| /* confdefs.h.  */
| 
| #define PACKAGE_NAME ""
| #define PACKAGE_TARNAME ""
| #define PACKAGE_VERSION ""
| #define PACKAGE_STRING ""
| #define PACKAGE_BUGREPORT ""
| #define CPU_VENDOR_OS "i686-pc-linux-gnu"
| #define HAVE_LIBPTHREAD 1
| #define HAVE_LIBPTHREAD 1
| #define HAVE_SYS_TYPES_H 1
| #define HAVE_SYS_SOCKET_H 1
| #define HAVE_SYS_TIME_H 1
| #define HAVE_TIME_H 1
| #define HAVE_NETINET_IN_H 1
| #define HAVE_ARPA_INET_H 1
| #define HAVE_ERRNO_H 1
| #define HAVE_FCNTL_H 1
| #define HAVE_NETDB_H 1
| #define HAVE_SIGNAL_H 1
| #define HAVE_STDIO_H 1
| #define HAVE_STDLIB_H 1
| #define HAVE_STRING_H 1
| #define HAVE_SYS_STAT_H 1
| #define HAVE_SYS_UIO_H 1
| #define HAVE_UNISTD_H 1
| #define HAVE_SYS_WAIT_H 1
| #define HAVE_SYS_UN_H 1
| #define HAVE_SYS_PARAM_H 1
| #define HAVE_SYS_SELECT_H 1
| #define HAVE_SYS_SYSCTL_H 1
| #define HAVE_POLL_H 1
| #define HAVE_STRINGS_H 1
| #define HAVE_SYS_IOCTL_H 1
| #define HAVE_PTHREAD_H 1
| #define HAVE_STROPTS_H 1
| #define TIME_WITH_SYS_TIME 1
| #define t_scalar_t int32_t
| #define HAVE_STRUCT_SOCKADDR_STORAGE 1
| #define HAVE_MSGHDR_MSG_CONTROL 1
| #define HAVE_STRUCT_IFREQ_IFR_MTU 1
| #define HAVE_GETADDRINFO_PROTO 1
| #define HAVE_GETNAMEINFO_PROTO 1
| #define HAVE_GETHOSTNAME_PROTO 1
| #define HAVE_GETRUSAGE_PROTO 1
| #define HAVE_HSTRERROR_PROTO 1
| #define HAVE_IF_NAMETOINDEX_PROTO 1
| #define HAVE_INET_ATON_PROTO 1
| #define HAVE_INET_PTON_PROTO 1
| #define HAVE_PSELECT_PROTO 1
| #define HAVE_SNPRINTF_PROTO 1
| #define HAVE_SOCKATMARK_PROTO 1
| #define HAVE_ADDRINFO_STRUCT 1
| #define HAVE_IF_NAMEINDEX_STRUCT 1
| #define HAVE_TIMESPEC_STRUCT 1
| #define HAVE_BZERO 1
| #define HAVE_GETADDRINFO 1
| #define HAVE_GETHOSTNAME 1
| #define HAVE_GETHOSTBYNAME2 1
| #define HAVE_GETHOSTBYNAME_R 1
| #define HAVE_GETNAMEINFO 1
| #define HAVE_HSTRERROR 1
| #define HAVE_IF_NAMETOINDEX 1
| #define HAVE_INET_ATON 1
| #define HAVE_INET_PTON 1
| #define HAVE_INET6_RTH_INIT 1
| /* end confdefs.h.  */
| /* System header to define __stub macros and hopefully few prototypes,
|     which can conflict with char kqueue (); below.
|     Prefer <limits.h> to <assert.h> if __STDC__ is defined, since
|     <limits.h> exists even on freestanding compilers.  */
| #ifdef __STDC__
| # include <limits.h>
| #else
| # include <assert.h>
| #endif
| /* Override any gcc2 internal prototype to avoid an error.  */
| #ifdef __cplusplus
| extern "C"
| {
| #endif
| /* We use char because int might match the return type of a gcc2
|    builtin and then its argument prototype would still apply.  */
| char kqueue ();
| /* The GNU C library defines this for functions which it implements
|     to always fail with ENOSYS.  Some functions are actually named
|     something starting with __ and the normal name is an alias.  */
| #if defined (__stub_kqueue) || defined (__stub___kqueue)
| choke me
| #else
| char (*f) () = kqueue;
| #endif
| #ifdef __cplusplus
| }
| #endif
| 
| int
| main ()
| {
| return f != kqueue;
|   ;
|   return 0;
| }
configure:7120: result: no
configure:7050: checking for kevent
configure:7100: gcc -o conftest -g -O2 -D_REENTRANT -D_REENTRANT   conftest.c -lpthread -levent  >&5
/tmp/cc6O7Pnb.o: In function `main':
/mnt/hgfs/centos_share/Me/Server/configure:7153: undefined reference to `kevent'
/tmp/cc6O7Pnb.o:(.data+0x0): undefined reference to `kevent'
collect2: ld returned 1 exit status
configure:7103: $? = 1
configure: failed program was:
| #line 7055 "configure"
| /* confdefs.h.  */
| 
| #define PACKAGE_NAME ""
| #define PACKAGE_TARNAME ""
| #define PACKAGE_VERSION ""
| #define PACKAGE_STRING ""
| #define PACKAGE_BUGREPORT ""
| #define CPU_VENDOR_OS "i686-pc-linux-gnu"
| #define HAVE_LIBPTHREAD 1
| #define HAVE_LIBPTHREAD 1
| #define HAVE_SYS_TYPES_H 1
| #define HAVE_SYS_SOCKET_H 1
| #define HAVE_SYS_TIME_H 1
| #define HAVE_TIME_H 1
| #define HAVE_NETINET_IN_H 1
| #define HAVE_ARPA_INET_H 1
| #define HAVE_ERRNO_H 1
| #define HAVE_FCNTL_H 1
| #define HAVE_NETDB_H 1
| #define HAVE_SIGNAL_H 1
| #define HAVE_STDIO_H 1
| #define HAVE_STDLIB_H 1
| #define HAVE_STRING_H 1
| #define HAVE_SYS_STAT_H 1
| #define HAVE_SYS_UIO_H 1
| #define HAVE_UNISTD_H 1
| #define HAVE_SYS_WAIT_H 1
| #define HAVE_SYS_UN_H 1
| #define HAVE_SYS_PARAM_H 1
| #define HAVE_SYS_SELECT_H 1
| #define HAVE_SYS_SYSCTL_H 1
| #define HAVE_POLL_H 1
| #define HAVE_STRINGS_H 1
| #define HAVE_SYS_IOCTL_H 1
| #define HAVE_PTHREAD_H 1
| #define HAVE_STROPTS_H 1
| #define TIME_WITH_SYS_TIME 1
| #define t_scalar_t int32_t
| #define HAVE_STRUCT_SOCKADDR_STORAGE 1
| #define HAVE_MSGHDR_MSG_CONTROL 1
| #define HAVE_STRUCT_IFREQ_IFR_MTU 1
| #define HAVE_GETADDRINFO_PROTO 1
| #define HAVE_GETNAMEINFO_PROTO 1
| #define HAVE_GETHOSTNAME_PROTO 1
| #define HAVE_GETRUSAGE_PROTO 1
| #define HAVE_HSTRERROR_PROTO 1
| #define HAVE_IF_NAMETOINDEX_PROTO 1
| #define HAVE_INET_ATON_PROTO 1
| #define HAVE_INET_PTON_PROTO 1
| #define HAVE_PSELECT_PROTO 1
| #define HAVE_SNPRINTF_PROTO 1
| #define HAVE_SOCKATMARK_PROTO 1
| #define HAVE_ADDRINFO_STRUCT 1
| #define HAVE_IF_NAMEINDEX_STRUCT 1
| #define HAVE_TIMESPEC_STRUCT 1
| #define HAVE_BZERO 1
| #define HAVE_GETADDRINFO 1
| #define HAVE_GETHOSTNAME 1
| #define HAVE_GETHOSTBYNAME2 1
| #define HAVE_GETHOSTBYNAME_R 1
| #define HAVE_GETNAMEINFO 1
| #define HAVE_HSTRERROR 1
| #define HAVE_IF_NAMETOINDEX 1
| #define HAVE_INET_ATON 1
| #define HAVE_INET_PTON 1
| #define HAVE_INET6_RTH_INIT 1
| /* end confdefs.h.  */
| /* System header to define __stub macros and hopefully few prototypes,
|     which can conflict with char kevent (); below.
|     Prefer <limits.h> to <assert.h> if __STDC__ is defined, since
|     <limits.h> exists even on freestanding compilers.  */
| #ifdef __STDC__
| # include <limits.h>
| #else
| # include <assert.h>
| #endif
| /* Override any gcc2 internal prototype to avoid an error.  */
| #ifdef __cplusplus
| extern "C"
| {
| #endif
| /* We use char because int might match the return type of a gcc2
|    builtin and then its argument prototype would still apply.  */
| char kevent ();
| /* The GNU C library defines this for functions which it implements
|     to always fail with ENOSYS.  Some functions are actually named
|     something starting with __ and the normal name is an alias.  */
| #if defined (__stub_kevent) || defined (__stub___kevent)
| choke me
| #else
| char (*f) () = kevent;
| #endif
| #ifdef __cplusplus
| }
| #endif
| 
| int
| main ()
| {
| return f != kevent;
|   ;
|   return 0;
| }
configure:7120: result: no
configure:7134: checking for mkstemp
configure:7184: gcc -o conftest -g -O2 -D_REENTRANT -D_REENTRANT   conftest.c -lpthread -levent  >&5
configure:7187: $? = 0
configure:7190: test -s conftest
configure:7193: $? = 0
configure:7204: result: yes
configure:7218: checking for poll
configure:7268: gcc -o conftest -g -O2 -D_REENTRANT -D_REENTRANT   conftest.c -lpthread -levent  >&5
configure:7271: $? = 0
configure:7274: test -s conftest
configure:7277: $? = 0
configure:7288: result: yes
configure:7302: checking for pselect
configure:7352: gcc -o conftest -g -O2 -D_REENTRANT -D_REENTRANT   conftest.c -lpthread -levent  >&5
configure:7355: $? = 0
configure:7358: test -s conftest
configure:7361: $? = 0
configure:7372: result: yes
configure:7386: checking for snprintf
configure:7436: gcc -o conftest -g -O2 -D_REENTRANT -D_REENTRANT   conftest.c -lpthread -levent  >&5
configure:7477: warning: conflicting types for built-in function 'snprintf'
configure:7439: $? = 0
configure:7442: test -s conftest
configure:7445: $? = 0
configure:7456: result: yes
configure:7470: checking for sockatmark
configure:7520: gcc -o conftest -g -O2 -D_REENTRANT -D_REENTRANT   conftest.c -lpthread -levent  >&5
configure:7523: $? = 0
configure:7526: test -s conftest
configure:7529: $? = 0
configure:7540: result: yes
configure:7554: checking for vsnprintf
configure:7604: gcc -o conftest -g -O2 -D_REENTRANT -D_REENTRANT   conftest.c -lpthread -levent  >&5
configure:7647: warning: conflicting types for built-in function 'vsnprintf'
configure:7607: $? = 0
configure:7610: test -s conftest
configure:7613: $? = 0
configure:7624: result: yes
configure:7636: checking for IPv4 support
configure:7667: gcc -o conftest -g -O2 -D_REENTRANT -D_REENTRANT   conftest.c -lpthread -levent  >&5
configure: In function 'main':
configure:7729: warning: incompatible implicit declaration of built-in function 'exit'
configure:7670: $? = 0
configure:7672: ./conftest
./conftest: error while loading shared libraries: libevent-2.0.so.5: cannot open shared object file: Error 40
configure:7675: $? = 127
configure: program exited with status 127
configure: failed program was:
| #line 7644 "configure"
| /* confdefs.h.  */
| 
| #define PACKAGE_NAME ""
| #define PACKAGE_TARNAME ""
| #define PACKAGE_VERSION ""
| #define PACKAGE_STRING ""
| #define PACKAGE_BUGREPORT ""
| #define CPU_VENDOR_OS "i686-pc-linux-gnu"
| #define HAVE_LIBPTHREAD 1
| #define HAVE_LIBPTHREAD 1
| #define HAVE_SYS_TYPES_H 1
| #define HAVE_SYS_SOCKET_H 1
| #define HAVE_SYS_TIME_H 1
| #define HAVE_TIME_H 1
| #define HAVE_NETINET_IN_H 1
| #define HAVE_ARPA_INET_H 1
| #define HAVE_ERRNO_H 1
| #define HAVE_FCNTL_H 1
| #define HAVE_NETDB_H 1
| #define HAVE_SIGNAL_H 1
| #define HAVE_STDIO_H 1
| #define HAVE_STDLIB_H 1
| #define HAVE_STRING_H 1
| #define HAVE_SYS_STAT_H 1
| #define HAVE_SYS_UIO_H 1
| #define HAVE_UNISTD_H 1
| #define HAVE_SYS_WAIT_H 1
| #define HAVE_SYS_UN_H 1
| #define HAVE_SYS_PARAM_H 1
| #define HAVE_SYS_SELECT_H 1
| #define HAVE_SYS_SYSCTL_H 1
| #define HAVE_POLL_H 1
| #define HAVE_STRINGS_H 1
| #define HAVE_SYS_IOCTL_H 1
| #define HAVE_PTHREAD_H 1
| #define HAVE_STROPTS_H 1
| #define TIME_WITH_SYS_TIME 1
| #define t_scalar_t int32_t
| #define HAVE_STRUCT_SOCKADDR_STORAGE 1
| #define HAVE_MSGHDR_MSG_CONTROL 1
| #define HAVE_STRUCT_IFREQ_IFR_MTU 1
| #define HAVE_GETADDRINFO_PROTO 1
| #define HAVE_GETNAMEINFO_PROTO 1
| #define HAVE_GETHOSTNAME_PROTO 1
| #define HAVE_GETRUSAGE_PROTO 1
| #define HAVE_HSTRERROR_PROTO 1
| #define HAVE_IF_NAMETOINDEX_PROTO 1
| #define HAVE_INET_ATON_PROTO 1
| #define HAVE_INET_PTON_PROTO 1
| #define HAVE_PSELECT_PROTO 1
| #define HAVE_SNPRINTF_PROTO 1
| #define HAVE_SOCKATMARK_PROTO 1
| #define HAVE_ADDRINFO_STRUCT 1
| #define HAVE_IF_NAMEINDEX_STRUCT 1
| #define HAVE_TIMESPEC_STRUCT 1
| #define HAVE_BZERO 1
| #define HAVE_GETADDRINFO 1
| #define HAVE_GETHOSTNAME 1
| #define HAVE_GETHOSTBYNAME2 1
| #define HAVE_GETHOSTBYNAME_R 1
| #define HAVE_GETNAMEINFO 1
| #define HAVE_HSTRERROR 1
| #define HAVE_IF_NAMETOINDEX 1
| #define HAVE_INET_ATON 1
| #define HAVE_INET_PTON 1
| #define HAVE_INET6_RTH_INIT 1
| #define HAVE_MKSTEMP 1
| #define HAVE_POLL 1
| #define HAVE_PSELECT 1
| #define HAVE_SNPRINTF 1
| #define HAVE_SOCKATMARK 1
| #define HAVE_VSNPRINTF 1
| /* end confdefs.h.  */
| 
| #	include <sys/types.h>
| #	include <sys/socket.h>
| #	include <netinet/in.h>
| 	/* Make sure the definitions for AF_INET and struct sockaddr_in
| 	 * are defined, and that we can actually create an IPv4 TCP socket.
| 	 */
| 	main()
| 	{
| 		int fd;
| 		struct sockaddr_in foo;
| 		fd = socket(AF_INET, SOCK_STREAM, 0);
| 		exit(fd >= 0 ? 0 : 1);
| 	}
configure:7690: result: no
configure:7705: checking for IPv6 support
configure:7736: gcc -o conftest -g -O2 -D_REENTRANT -D_REENTRANT   conftest.c -lpthread -levent  >&5
configure: In function 'main':
configure:7798: warning: incompatible implicit declaration of built-in function 'exit'
configure:7739: $? = 0
configure:7741: ./conftest
./conftest: error while loading shared libraries: libevent-2.0.so.5: cannot open shared object file: Error 40
configure:7744: $? = 127
configure: program exited with status 127
configure: failed program was:
| #line 7713 "configure"
| /* confdefs.h.  */
| 
| #define PACKAGE_NAME ""
| #define PACKAGE_TARNAME ""
| #define PACKAGE_VERSION ""
| #define PACKAGE_STRING ""
| #define PACKAGE_BUGREPORT ""
| #define CPU_VENDOR_OS "i686-pc-linux-gnu"
| #define HAVE_LIBPTHREAD 1
| #define HAVE_LIBPTHREAD 1
| #define HAVE_SYS_TYPES_H 1
| #define HAVE_SYS_SOCKET_H 1
| #define HAVE_SYS_TIME_H 1
| #define HAVE_TIME_H 1
| #define HAVE_NETINET_IN_H 1
| #define HAVE_ARPA_INET_H 1
| #define HAVE_ERRNO_H 1
| #define HAVE_FCNTL_H 1
| #define HAVE_NETDB_H 1
| #define HAVE_SIGNAL_H 1
| #define HAVE_STDIO_H 1
| #define HAVE_STDLIB_H 1
| #define HAVE_STRING_H 1
| #define HAVE_SYS_STAT_H 1
| #define HAVE_SYS_UIO_H 1
| #define HAVE_UNISTD_H 1
| #define HAVE_SYS_WAIT_H 1
| #define HAVE_SYS_UN_H 1
| #define HAVE_SYS_PARAM_H 1
| #define HAVE_SYS_SELECT_H 1
| #define HAVE_SYS_SYSCTL_H 1
| #define HAVE_POLL_H 1
| #define HAVE_STRINGS_H 1
| #define HAVE_SYS_IOCTL_H 1
| #define HAVE_PTHREAD_H 1
| #define HAVE_STROPTS_H 1
| #define TIME_WITH_SYS_TIME 1
| #define t_scalar_t int32_t
| #define HAVE_STRUCT_SOCKADDR_STORAGE 1
| #define HAVE_MSGHDR_MSG_CONTROL 1
| #define HAVE_STRUCT_IFREQ_IFR_MTU 1
| #define HAVE_GETADDRINFO_PROTO 1
| #define HAVE_GETNAMEINFO_PROTO 1
| #define HAVE_GETHOSTNAME_PROTO 1
| #define HAVE_GETRUSAGE_PROTO 1
| #define HAVE_HSTRERROR_PROTO 1
| #define HAVE_IF_NAMETOINDEX_PROTO 1
| #define HAVE_INET_ATON_PROTO 1
| #define HAVE_INET_PTON_PROTO 1
| #define HAVE_PSELECT_PROTO 1
| #define HAVE_SNPRINTF_PROTO 1
| #define HAVE_SOCKATMARK_PROTO 1
| #define HAVE_ADDRINFO_STRUCT 1
| #define HAVE_IF_NAMEINDEX_STRUCT 1
| #define HAVE_TIMESPEC_STRUCT 1
| #define HAVE_BZERO 1
| #define HAVE_GETADDRINFO 1
| #define HAVE_GETHOSTNAME 1
| #define HAVE_GETHOSTBYNAME2 1
| #define HAVE_GETHOSTBYNAME_R 1
| #define HAVE_GETNAMEINFO 1
| #define HAVE_HSTRERROR 1
| #define HAVE_IF_NAMETOINDEX 1
| #define HAVE_INET_ATON 1
| #define HAVE_INET_PTON 1
| #define HAVE_INET6_RTH_INIT 1
| #define HAVE_MKSTEMP 1
| #define HAVE_POLL 1
| #define HAVE_PSELECT 1
| #define HAVE_SNPRINTF 1
| #define HAVE_SOCKATMARK 1
| #define HAVE_VSNPRINTF 1
| /* end confdefs.h.  */
| 
| #	include <sys/types.h>
| #	include <sys/socket.h>
| #	include <netinet/in.h>
| 	/* Make sure the definitions for AF_INET6 and struct sockaddr_in6
| 	 * are defined, and that we can actually create an IPv6 TCP socket.
| 	 */
| 	main()
| 	{
| 		int fd;
| 		struct sockaddr_in6 foo;
| 		fd = socket(AF_INET6, SOCK_STREAM, 0);
| 		exit(fd >= 0 ? 0 : 1);
| 	}
configure:7759: result: no
configure:7774: checking for Unix domain sockets
configure:7805: gcc -o conftest -g -O2 -D_REENTRANT -D_REENTRANT   conftest.c -lpthread -levent  >&5
configure: In function 'main':
configure:7867: warning: incompatible implicit declaration of built-in function 'exit'
configure:7808: $? = 0
configure:7810: ./conftest
./conftest: error while loading shared libraries: libevent-2.0.so.5: cannot open shared object file: Error 40
configure:7813: $? = 127
configure: program exited with status 127
configure: failed program was:
| #line 7782 "configure"
| /* confdefs.h.  */
| 
| #define PACKAGE_NAME ""
| #define PACKAGE_TARNAME ""
| #define PACKAGE_VERSION ""
| #define PACKAGE_STRING ""
| #define PACKAGE_BUGREPORT ""
| #define CPU_VENDOR_OS "i686-pc-linux-gnu"
| #define HAVE_LIBPTHREAD 1
| #define HAVE_LIBPTHREAD 1
| #define HAVE_SYS_TYPES_H 1
| #define HAVE_SYS_SOCKET_H 1
| #define HAVE_SYS_TIME_H 1
| #define HAVE_TIME_H 1
| #define HAVE_NETINET_IN_H 1
| #define HAVE_ARPA_INET_H 1
| #define HAVE_ERRNO_H 1
| #define HAVE_FCNTL_H 1
| #define HAVE_NETDB_H 1
| #define HAVE_SIGNAL_H 1
| #define HAVE_STDIO_H 1
| #define HAVE_STDLIB_H 1
| #define HAVE_STRING_H 1
| #define HAVE_SYS_STAT_H 1
| #define HAVE_SYS_UIO_H 1
| #define HAVE_UNISTD_H 1
| #define HAVE_SYS_WAIT_H 1
| #define HAVE_SYS_UN_H 1
| #define HAVE_SYS_PARAM_H 1
| #define HAVE_SYS_SELECT_H 1
| #define HAVE_SYS_SYSCTL_H 1
| #define HAVE_POLL_H 1
| #define HAVE_STRINGS_H 1
| #define HAVE_SYS_IOCTL_H 1
| #define HAVE_PTHREAD_H 1
| #define HAVE_STROPTS_H 1
| #define TIME_WITH_SYS_TIME 1
| #define t_scalar_t int32_t
| #define HAVE_STRUCT_SOCKADDR_STORAGE 1
| #define HAVE_MSGHDR_MSG_CONTROL 1
| #define HAVE_STRUCT_IFREQ_IFR_MTU 1
| #define HAVE_GETADDRINFO_PROTO 1
| #define HAVE_GETNAMEINFO_PROTO 1
| #define HAVE_GETHOSTNAME_PROTO 1
| #define HAVE_GETRUSAGE_PROTO 1
| #define HAVE_HSTRERROR_PROTO 1
| #define HAVE_IF_NAMETOINDEX_PROTO 1
| #define HAVE_INET_ATON_PROTO 1
| #define HAVE_INET_PTON_PROTO 1
| #define HAVE_PSELECT_PROTO 1
| #define HAVE_SNPRINTF_PROTO 1
| #define HAVE_SOCKATMARK_PROTO 1
| #define HAVE_ADDRINFO_STRUCT 1
| #define HAVE_IF_NAMEINDEX_STRUCT 1
| #define HAVE_TIMESPEC_STRUCT 1
| #define HAVE_BZERO 1
| #define HAVE_GETADDRINFO 1
| #define HAVE_GETHOSTNAME 1
| #define HAVE_GETHOSTBYNAME2 1
| #define HAVE_GETHOSTBYNAME_R 1
| #define HAVE_GETNAMEINFO 1
| #define HAVE_HSTRERROR 1
| #define HAVE_IF_NAMETOINDEX 1
| #define HAVE_INET_ATON 1
| #define HAVE_INET_PTON 1
| #define HAVE_INET6_RTH_INIT 1
| #define HAVE_MKSTEMP 1
| #define HAVE_POLL 1
| #define HAVE_PSELECT 1
| #define HAVE_SNPRINTF 1
| #define HAVE_SOCKATMARK 1
| #define HAVE_VSNPRINTF 1
| /* end confdefs.h.  */
| 
| #	include <sys/types.h>
| #	include <sys/socket.h>
| #	include <sys/un.h>
| 	/* Make sure the definitions for AF_UNIX and struct sockaddr_un
| 	 * are defined, and that we can actually create an IPv4 TCP socket.
| 	 */
| 	main()
| 	{
| 		int fd;
| 		struct sockaddr_un foo;
| 		fd = socket(AF_UNIX, SOCK_STREAM, 0);
| 		exit(fd >= 0 ? 0 : 1);
| 	}
configure:7828: result: no
configure:7843: checking for multicast support
configure:7877: gcc -o conftest -g -O2 -D_REENTRANT -D_REENTRANT   conftest.c -lpthread -levent  >&5
configure: In function 'main':
configure:7935: warning: incompatible implicit declaration of built-in function 'exit'
configure:7880: $? = 0
configure:7882: ./conftest
./conftest: error while loading shared libraries: libevent-2.0.so.5: cannot open shared object file: Error 40
configure:7885: $? = 127
configure: program exited with status 127
configure: failed program was:
| #line 7851 "configure"
| /* confdefs.h.  */
| 
| #define PACKAGE_NAME ""
| #define PACKAGE_TARNAME ""
| #define PACKAGE_VERSION ""
| #define PACKAGE_STRING ""
| #define PACKAGE_BUGREPORT ""
| #define CPU_VENDOR_OS "i686-pc-linux-gnu"
| #define HAVE_LIBPTHREAD 1
| #define HAVE_LIBPTHREAD 1
| #define HAVE_SYS_TYPES_H 1
| #define HAVE_SYS_SOCKET_H 1
| #define HAVE_SYS_TIME_H 1
| #define HAVE_TIME_H 1
| #define HAVE_NETINET_IN_H 1
| #define HAVE_ARPA_INET_H 1
| #define HAVE_ERRNO_H 1
| #define HAVE_FCNTL_H 1
| #define HAVE_NETDB_H 1
| #define HAVE_SIGNAL_H 1
| #define HAVE_STDIO_H 1
| #define HAVE_STDLIB_H 1
| #define HAVE_STRING_H 1
| #define HAVE_SYS_STAT_H 1
| #define HAVE_SYS_UIO_H 1
| #define HAVE_UNISTD_H 1
| #define HAVE_SYS_WAIT_H 1
| #define HAVE_SYS_UN_H 1
| #define HAVE_SYS_PARAM_H 1
| #define HAVE_SYS_SELECT_H 1
| #define HAVE_SYS_SYSCTL_H 1
| #define HAVE_POLL_H 1
| #define HAVE_STRINGS_H 1
| #define HAVE_SYS_IOCTL_H 1
| #define HAVE_PTHREAD_H 1
| #define HAVE_STROPTS_H 1
| #define TIME_WITH_SYS_TIME 1
| #define t_scalar_t int32_t
| #define HAVE_STRUCT_SOCKADDR_STORAGE 1
| #define HAVE_MSGHDR_MSG_CONTROL 1
| #define HAVE_STRUCT_IFREQ_IFR_MTU 1
| #define HAVE_GETADDRINFO_PROTO 1
| #define HAVE_GETNAMEINFO_PROTO 1
| #define HAVE_GETHOSTNAME_PROTO 1
| #define HAVE_GETRUSAGE_PROTO 1
| #define HAVE_HSTRERROR_PROTO 1
| #define HAVE_IF_NAMETOINDEX_PROTO 1
| #define HAVE_INET_ATON_PROTO 1
| #define HAVE_INET_PTON_PROTO 1
| #define HAVE_PSELECT_PROTO 1
| #define HAVE_SNPRINTF_PROTO 1
| #define HAVE_SOCKATMARK_PROTO 1
| #define HAVE_ADDRINFO_STRUCT 1
| #define HAVE_IF_NAMEINDEX_STRUCT 1
| #define HAVE_TIMESPEC_STRUCT 1
| #define HAVE_BZERO 1
| #define HAVE_GETADDRINFO 1
| #define HAVE_GETHOSTNAME 1
| #define HAVE_GETHOSTBYNAME2 1
| #define HAVE_GETHOSTBYNAME_R 1
| #define HAVE_GETNAMEINFO 1
| #define HAVE_HSTRERROR 1
| #define HAVE_IF_NAMETOINDEX 1
| #define HAVE_INET_ATON 1
| #define HAVE_INET_PTON 1
| #define HAVE_INET6_RTH_INIT 1
| #define HAVE_MKSTEMP 1
| #define HAVE_POLL 1
| #define HAVE_PSELECT 1
| #define HAVE_SNPRINTF 1
| #define HAVE_SOCKATMARK 1
| #define HAVE_VSNPRINTF 1
| /* end confdefs.h.  */
| 
| #	include <sys/types.h>
| #	include <sys/socket.h>
| #	include <netinet/in.h>
| 	main()
| 	{
| 		int fd;
| 		unsigned char flag = 1;
| 		struct sockaddr_in foo;
| 		struct ip_mreq mreq;
| 		fd = socket(AF_INET, SOCK_DGRAM, 0);
| 		if (fd < 0) exit(1);
| 		if (setsockopt(fd, IPPROTO_IP, IP_MULTICAST_LOOP,
| 			       (void*)&flag, sizeof(flag)) < 0)
| 			exit(1);
| 		exit(0);
| 	}
configure:7900: result: no
configure:8037: checking for -I/root/doc/unp2ev1/src/include
configure:8044: result: no
configure:8158: creating ./config.status

## ---------------------- ##
## Running config.status. ##
## ---------------------- ##

This file was extended by config.status, which was
generated by GNU Autoconf 2.57.  Invocation command line was

  CONFIG_FILES    = 
  CONFIG_HEADERS  = 
  CONFIG_LINKS    = 
  CONFIG_COMMANDS = 
  $ ./config.status 

on localhost.localdomain

config.status:628: creating Makefile
config.status:628: creating Make.defines
config.status:731: creating config.h

## ---------------- ##
## Cache variables. ##
## ---------------- ##

ac_cv_build=i686-pc-linux-gnu
ac_cv_build_alias=i686-pc-linux-gnu
ac_cv_c_compiler_gnu=yes
ac_cv_env_CC_set=
ac_cv_env_CC_value=
ac_cv_env_CFLAGS_set=
ac_cv_env_CFLAGS_value=
ac_cv_env_CPPFLAGS_set=
ac_cv_env_CPPFLAGS_value=
ac_cv_env_CPP_set=
ac_cv_env_CPP_value=
ac_cv_env_LDFLAGS_set=
ac_cv_env_LDFLAGS_value=
ac_cv_env_build_alias_set=
ac_cv_env_build_alias_value=
ac_cv_env_host_alias_set=
ac_cv_env_host_alias_value=
ac_cv_env_target_alias_set=
ac_cv_env_target_alias_value=
ac_cv_exeext=
ac_cv_func_bzero=yes
ac_cv_func_getaddrinfo=yes
ac_cv_func_gethostbyname2=yes
ac_cv_func_gethostbyname_r=yes
ac_cv_func_gethostname=yes
ac_cv_func_getnameinfo=yes
ac_cv_func_hstrerror=yes
ac_cv_func_if_nametoindex=yes
ac_cv_func_inet6_rth_init=yes
ac_cv_func_inet_aton=yes
ac_cv_func_inet_pton=yes
ac_cv_func_kevent=no
ac_cv_func_kqueue=no
ac_cv_func_mkstemp=yes
ac_cv_func_poll=yes
ac_cv_func_pselect=yes
ac_cv_func_snprintf=yes
ac_cv_func_sockatmark=yes
ac_cv_func_vsnprintf=yes
ac_cv_have_getaddrinfo_proto=yes
ac_cv_have_gethostname_proto=yes
ac_cv_have_getnameinfo_proto=yes
ac_cv_have_getrusage_proto=yes
ac_cv_have_hstrerror_proto=yes
ac_cv_have_if_nametoindex_proto=yes
ac_cv_have_inet_aton_proto=yes
ac_cv_have_inet_pton_proto=yes
ac_cv_have_pselect_proto=yes
ac_cv_have_snprintf_proto=yes
ac_cv_have_sockatmark_proto=yes
ac_cv_header_arpa_inet_h=yes
ac_cv_header_errno_h=yes
ac_cv_header_fcntl_h=yes
ac_cv_header_net_if_dl_h=no
ac_cv_header_netconfig_h=no
ac_cv_header_netdb_h=yes
ac_cv_header_netdir_h=no
ac_cv_header_netinet_in_h=yes
ac_cv_header_poll_h=yes
ac_cv_header_pthread_h=yes
ac_cv_header_signal_h=yes
ac_cv_header_stdc=no
ac_cv_header_stdio_h=yes
ac_cv_header_stdlib_h=yes
ac_cv_header_string_h=yes
ac_cv_header_strings_h=yes
ac_cv_header_stropts_h=yes
ac_cv_header_sys_event_h=no
ac_cv_header_sys_filio_h=no
ac_cv_header_sys_ioctl_h=yes
ac_cv_header_sys_param_h=yes
ac_cv_header_sys_select_h=yes
ac_cv_header_sys_socket_h=yes
ac_cv_header_sys_sockio_h=no
ac_cv_header_sys_stat_h=yes
ac_cv_header_sys_sysctl_h=yes
ac_cv_header_sys_time_h=yes
ac_cv_header_sys_types_h=yes
ac_cv_header_sys_uio_h=yes
ac_cv_header_sys_un_h=yes
ac_cv_header_sys_wait_h=yes
ac_cv_header_time=yes
ac_cv_header_time_h=yes
ac_cv_header_unistd_h=yes
ac_cv_header_xti_h=no
ac_cv_header_xti_inet_h=no
ac_cv_host=i686-pc-linux-gnu
ac_cv_host_alias=i686-pc-linux-gnu
ac_cv_ipv4=no
ac_cv_ipv6=no
ac_cv_lib_event_event_create=yes
ac_cv_lib_nsl_t_open=no
ac_cv_lib_pthread_pthread_create=yes
ac_cv_lib_resolv_res_init=no
ac_cv_lib_xti_t_open=no
ac_cv_member_struct_ifreq_ifr_mtu=yes
ac_cv_member_struct_msghdr_msg_control=yes
ac_cv_member_struct_sockaddr_sa_len=no
ac_cv_member_struct_sockaddr_storage_ss_family=yes
ac_cv_multicast=no
ac_cv_objext=o
ac_cv_prog_CPP='gcc -E'
ac_cv_prog_ac_ct_CC=gcc
ac_cv_prog_ac_ct_RANLIB=ranlib
ac_cv_prog_cc_g=yes
ac_cv_prog_cc_stdc=
ac_cv_prog_egrep='grep -E'
ac_cv_search_socket='none required'
ac_cv_type_int16_t=yes
ac_cv_type_int32_t=yes
ac_cv_type_sa_family_t=yes
ac_cv_type_size_t=yes
ac_cv_type_socklen_t=yes
ac_cv_type_ssize_t=yes
ac_cv_type_struct_addrinfo=yes
ac_cv_type_struct_if_nameindex=yes
ac_cv_type_struct_sockaddr_dl=no
ac_cv_type_struct_sockaddr_storage=yes
ac_cv_type_struct_timespec=yes
ac_cv_type_t_scalar_t=no
ac_cv_type_t_uscalar_t=yes
ac_cv_type_uint16_t=yes
ac_cv_type_uint32_t=yes
ac_cv_type_uint8_t=yes
ac_cv_unixdomain=no

## ----------------- ##
## Output variables. ##
## ----------------- ##

CC='gcc'
CFLAGS='-g -O2 -D_REENTRANT -D_REENTRANT -Wall'
CPP='gcc -E'
CPPFLAGS=''
DEFS='-DHAVE_CONFIG_H'
ECHO_C=''
ECHO_N='-n'
ECHO_T=''
EGREP='grep -E'
EXEEXT=''
LDFLAGS=''
LIBFREE_OBJS=''
LIBGAI_OBJS=''
LIBOBJS=''
LIBROUTE_OBJS=''
LIBS='-lpthread -levent'
LIBS_XTI='-lpthread -levent'
LIBUNP='../../Common/libgame.a'
LIBUNPXTI=''
LIBUNPXTI_NAME=''
LIBUNP_NAME='../../Common/libgame.a'
LIBXTI_OBJS=''
LIB_OBJS=' server_socket.o socket.o socket_api.o'
LTLIBOBJS=''
OBJEXT='o'
PACKAGE_BUGREPORT=''
PACKAGE_NAME=''
PACKAGE_STRING=''
PACKAGE_TARNAME=''
PACKAGE_VERSION=''
PATH_SEPARATOR=':'
RANLIB='ranlib'
SHELL='/bin/sh'
ac_ct_CC='gcc'
ac_ct_RANLIB='ranlib'
bindir='${exec_prefix}/bin'
build='i686-pc-linux-gnu'
build_alias=''
build_cpu='i686'
build_os='linux-gnu'
build_vendor='pc'
datadir='${prefix}/share'
exec_prefix='${prefix}'
host='i686-pc-linux-gnu'
host_alias=''
host_cpu='i686'
host_os='linux-gnu'
host_vendor='pc'
includedir='${prefix}/include'
infodir='${prefix}/info'
libdir='${exec_prefix}/lib'
libexecdir='${exec_prefix}/libexec'
localstatedir='${prefix}/var'
mandir='${prefix}/man'
oldincludedir='/usr/include'
prefix='/usr/local'
program_transform_name='s,x,x,'
sbindir='${exec_prefix}/sbin'
sharedstatedir='${prefix}/com'
sysconfdir='${prefix}/etc'
target_alias=''

## ----------- ##
## confdefs.h. ##
## ----------- ##

#define CPU_VENDOR_OS "i686-pc-linux-gnu"
#define HAVE_ADDRINFO_STRUCT 1
#define HAVE_ARPA_INET_H 1
#define HAVE_BZERO 1
#define HAVE_ERRNO_H 1
#define HAVE_FCNTL_H 1
#define HAVE_GETADDRINFO 1
#define HAVE_GETADDRINFO_PROTO 1
#define HAVE_GETHOSTBYNAME2 1
#define HAVE_GETHOSTBYNAME_R 1
#define HAVE_GETHOSTNAME 1
#define HAVE_GETHOSTNAME_PROTO 1
#define HAVE_GETNAMEINFO 1
#define HAVE_GETNAMEINFO_PROTO 1
#define HAVE_GETRUSAGE_PROTO 1
#define HAVE_HSTRERROR 1
#define HAVE_HSTRERROR_PROTO 1
#define HAVE_IF_NAMEINDEX_STRUCT 1
#define HAVE_IF_NAMETOINDEX 1
#define HAVE_IF_NAMETOINDEX_PROTO 1
#define HAVE_INET6_RTH_INIT 1
#define HAVE_INET_ATON 1
#define HAVE_INET_ATON_PROTO 1
#define HAVE_INET_PTON 1
#define HAVE_INET_PTON_PROTO 1
#define HAVE_LIBPTHREAD 1
#define HAVE_LIBPTHREAD 1
#define HAVE_MKSTEMP 1
#define HAVE_MSGHDR_MSG_CONTROL 1
#define HAVE_NETDB_H 1
#define HAVE_NETINET_IN_H 1
#define HAVE_POLL 1
#define HAVE_POLL_H 1
#define HAVE_PSELECT 1
#define HAVE_PSELECT_PROTO 1
#define HAVE_PTHREAD_H 1
#define HAVE_SIGNAL_H 1
#define HAVE_SNPRINTF 1
#define HAVE_SNPRINTF_PROTO 1
#define HAVE_SOCKATMARK 1
#define HAVE_SOCKATMARK_PROTO 1
#define HAVE_STDIO_H 1
#define HAVE_STDLIB_H 1
#define HAVE_STRINGS_H 1
#define HAVE_STRING_H 1
#define HAVE_STROPTS_H 1
#define HAVE_STRUCT_IFREQ_IFR_MTU 1
#define HAVE_STRUCT_SOCKADDR_STORAGE 1
#define HAVE_SYS_IOCTL_H 1
#define HAVE_SYS_PARAM_H 1
#define HAVE_SYS_SELECT_H 1
#define HAVE_SYS_SOCKET_H 1
#define HAVE_SYS_STAT_H 1
#define HAVE_SYS_SYSCTL_H 1
#define HAVE_SYS_TIME_H 1
#define HAVE_SYS_TYPES_H 1
#define HAVE_SYS_UIO_H 1
#define HAVE_SYS_UN_H 1
#define HAVE_SYS_WAIT_H 1
#define HAVE_TIMESPEC_STRUCT 1
#define HAVE_TIME_H 1
#define HAVE_UNISTD_H 1
#define HAVE_VSNPRINTF 1
#define PACKAGE_BUGREPORT ""
#define PACKAGE_NAME ""
#define PACKAGE_STRING ""
#define PACKAGE_TARNAME ""
#define PACKAGE_VERSION ""
#define TIME_WITH_SYS_TIME 1
#define t_scalar_t int32_t

configure: exit 0
